
09/27/15 04:30:01.243
Possible Deadlock condition found:
order violation: object SyncRequest[1] locked, while attempting to lock object equipment[1].
Object will be unlocked manually.
Name [order] = equipment[1], lock count = 1, wait count = 0, track count = 1
	at ostrowski.util.Semaphore.checkForOrderViolation(Semaphore.java:350)
	at ostrowski.util.Semaphore.track(Semaphore.java:220)
	at ostrowski.util.Semaphore.lock(Semaphore.java:161)
	at ostrowski.util.SemaphoreAutoLocker.<init>(SemaphoreAutoLocker.java:9)
	at ostrowski.combat.common.Character.serializeToString(Character.java:3681)
	at ostrowski.combat.common.Character.equals(Character.java:4286)
	at java.util.ArrayList.indexOf(Unknown Source)
	at java.util.ArrayList.contains(Unknown Source)
	at ostrowski.combat.common.Character.setPlacedIntoHoldThisTurn(Character.java:5913)
	at ostrowski.combat.common.Character.setHoldLevel(Character.java:5870)
	at ostrowski.combat.server.Battle.resolveDamage(Battle.java:1318)
	at ostrowski.combat.server.Battle.resolveAttack(Battle.java:1024)
	at ostrowski.combat.server.Battle.resolveDefenableAction(Battle.java:582)
	at ostrowski.combat.server.Battle.applyActions(Battle.java:493)
	at ostrowski.combat.server.Battle.executeRound(Battle.java:389)
	at ostrowski.combat.server.Battle.executeTurn(Battle.java:233)
	at ostrowski.combat.server.Battle.run(Battle.java:159)


04/11/16 01:31:20.362
Possible Deadlock condition found:
order violation: object Arena_proxyList[1] locked, while attempting to lock object equipment[1].
Object will be unlocked manually.
Name [order] = equipment[1], lock count = 1, wait count = 0, track count = 1
	at ostrowski.util.Semaphore.checkForOrderViolation(Semaphore.java:350)
	at ostrowski.util.Semaphore.track(Semaphore.java:220)
	at ostrowski.util.Semaphore.lock(Semaphore.java:161)
	at ostrowski.util.SemaphoreAutoLocker.<init>(SemaphoreAutoLocker.java:9)
	at ostrowski.combat.common.Character.serializeToStream(Character.java:3379)
	at ostrowski.protocol.SerializableObject.writeToStream(SerializableObject.java:122)
	at ostrowski.combat.protocol.ServerStatus.serializeToStream(ServerStatus.java:43)
	at ostrowski.util.sockets.SocketConnector.sendObject(SocketConnector.java:213)
	at ostrowski.combat.server.ClientProxy.sendObject(ClientProxy.java:32)
	at ostrowski.combat.server.Arena.sendEventToAllClients(Arena.java:781)
	at ostrowski.combat.server.Arena.sendServerStatus(Arena.java:860)
	at ostrowski.combat.server.Arena.addCombatant(Arena.java:224)
	at ostrowski.combat.server.Arena.addCombatant(Arena.java:203)
	at ostrowski.combat.server.ClientProxy.processRecievedObject(ClientProxy.java:61)
	at ostrowski.util.sockets.SocketConnector.readAndProcessMessageFromSocket(SocketConnector.java:190)
	at ostrowski.util.sockets.SocketConnector.run(SocketConnector.java:115)


04/11/16 01:33:32.077
Possible Deadlock condition found:
order violation: object Arena_proxyList[1] locked, while attempting to lock object equipment[1].
Object will be unlocked manually.
Name [order] = equipment[1], lock count = 1, wait count = 0, track count = 1
	at ostrowski.util.Semaphore.checkForOrderViolation(Semaphore.java:350)
	at ostrowski.util.Semaphore.track(Semaphore.java:220)
	at ostrowski.util.Semaphore.lock(Semaphore.java:161)
	at ostrowski.util.SemaphoreAutoLocker.<init>(SemaphoreAutoLocker.java:9)
	at ostrowski.combat.common.Character.serializeToStream(Character.java:3379)
	at ostrowski.protocol.SerializableObject.writeToStream(SerializableObject.java:122)
	at ostrowski.combat.protocol.ServerStatus.serializeToStream(ServerStatus.java:43)
	at ostrowski.util.sockets.SocketConnector.sendObject(SocketConnector.java:213)
	at ostrowski.combat.server.ClientProxy.sendObject(ClientProxy.java:32)
	at ostrowski.combat.server.Arena.sendEventToAllClients(Arena.java:781)
	at ostrowski.combat.server.Arena.sendServerStatus(Arena.java:860)
	at ostrowski.combat.server.Arena.addCombatant(Arena.java:224)
	at ostrowski.combat.server.Arena.addCombatant(Arena.java:203)
	at ostrowski.combat.server.ClientProxy.processRecievedObject(ClientProxy.java:61)
	at ostrowski.util.sockets.SocketConnector.readAndProcessMessageFromSocket(SocketConnector.java:190)
	at ostrowski.util.sockets.SocketConnector.run(SocketConnector.java:115)


04/11/16 01:37:44.398
Possible Deadlock condition found:
order violation: object Arena_proxyList[1] locked, while attempting to lock object equipment[1].
Object will be unlocked manually.
Name [order] = equipment[1], lock count = 1, wait count = 0, track count = 1
	at ostrowski.util.Semaphore.checkForOrderViolation(Semaphore.java:350)
	at ostrowski.util.Semaphore.track(Semaphore.java:220)
	at ostrowski.util.Semaphore.lock(Semaphore.java:161)
	at ostrowski.util.SemaphoreAutoLocker.<init>(SemaphoreAutoLocker.java:9)
	at ostrowski.combat.common.Character.serializeToStream(Character.java:3379)
	at ostrowski.protocol.SerializableObject.writeToStream(SerializableObject.java:122)
	at ostrowski.combat.protocol.ServerStatus.serializeToStream(ServerStatus.java:43)
	at ostrowski.util.sockets.SocketConnector.sendObject(SocketConnector.java:213)
	at ostrowski.combat.server.ClientProxy.sendObject(ClientProxy.java:32)
	at ostrowski.combat.server.Arena.sendEventToAllClients(Arena.java:781)
	at ostrowski.combat.server.Arena.sendServerStatus(Arena.java:860)
	at ostrowski.combat.server.Arena.addCombatant(Arena.java:224)
	at ostrowski.combat.server.Arena.addCombatant(Arena.java:203)
	at ostrowski.combat.server.ClientProxy.processRecievedObject(ClientProxy.java:61)
	at ostrowski.util.sockets.SocketConnector.readAndProcessMessageFromSocket(SocketConnector.java:190)
	at ostrowski.util.sockets.SocketConnector.run(SocketConnector.java:115)


04/11/16 01:41:38.316
Possible Deadlock condition found:
order violation: object Arena_proxyList[1] locked, while attempting to lock object equipment[1].
Object will be unlocked manually.
Name [order] = equipment[1], lock count = 1, wait count = 0, track count = 1
	at ostrowski.util.Semaphore.checkForOrderViolation(Semaphore.java:350)
	at ostrowski.util.Semaphore.track(Semaphore.java:220)
	at ostrowski.util.Semaphore.lock(Semaphore.java:161)
	at ostrowski.util.SemaphoreAutoLocker.<init>(SemaphoreAutoLocker.java:9)
	at ostrowski.combat.common.Character.serializeToStream(Character.java:3379)
	at ostrowski.protocol.SerializableObject.writeToStream(SerializableObject.java:122)
	at ostrowski.combat.protocol.ServerStatus.serializeToStream(ServerStatus.java:43)
	at ostrowski.util.sockets.SocketConnector.sendObject(SocketConnector.java:213)
	at ostrowski.combat.server.ClientProxy.sendObject(ClientProxy.java:32)
	at ostrowski.combat.server.Arena.sendEventToAllClients(Arena.java:781)
	at ostrowski.combat.server.Arena.sendServerStatus(Arena.java:860)
	at ostrowski.combat.server.Arena.addCombatant(Arena.java:224)
	at ostrowski.combat.server.Arena.addCombatant(Arena.java:203)
	at ostrowski.combat.server.ClientProxy.processRecievedObject(ClientProxy.java:61)
	at ostrowski.util.sockets.SocketConnector.readAndProcessMessageFromSocket(SocketConnector.java:190)
	at ostrowski.util.sockets.SocketConnector.run(SocketConnector.java:115)


04/11/16 02:27:58.900
Possible Deadlock condition found:
order violation: object Arena_proxyList[1] locked, while attempting to lock object equipment[1].
Object will be unlocked manually.
Name [order] = equipment[1], lock count = 1, wait count = 0, track count = 1
	at ostrowski.util.Semaphore.checkForOrderViolation(Semaphore.java:350)
	at ostrowski.util.Semaphore.track(Semaphore.java:220)
	at ostrowski.util.Semaphore.lock(Semaphore.java:161)
	at ostrowski.util.SemaphoreAutoLocker.<init>(SemaphoreAutoLocker.java:9)
	at ostrowski.combat.common.Character.serializeToStream(Character.java:3379)
	at ostrowski.protocol.SerializableObject.writeToStream(SerializableObject.java:122)
	at ostrowski.combat.protocol.ServerStatus.serializeToStream(ServerStatus.java:43)
	at ostrowski.util.sockets.SocketConnector.sendObject(SocketConnector.java:213)
	at ostrowski.combat.server.ClientProxy.sendObject(ClientProxy.java:32)
	at ostrowski.combat.server.Arena.sendEventToAllClients(Arena.java:781)
	at ostrowski.combat.server.Arena.sendServerStatus(Arena.java:860)
	at ostrowski.combat.server.Arena.addCombatant(Arena.java:224)
	at ostrowski.combat.server.Arena.addCombatant(Arena.java:203)
	at ostrowski.combat.server.ClientProxy.processRecievedObject(ClientProxy.java:61)
	at ostrowski.util.sockets.SocketConnector.readAndProcessMessageFromSocket(SocketConnector.java:190)
	at ostrowski.util.sockets.SocketConnector.run(SocketConnector.java:115)


04/11/16 02:31:51.694
Possible Deadlock condition found:
order violation: object Arena_proxyList[1] locked, while attempting to lock object equipment[1].
Object will be unlocked manually.
Name [order] = equipment[1], lock count = 1, wait count = 0, track count = 1
	at ostrowski.util.Semaphore.checkForOrderViolation(Semaphore.java:350)
	at ostrowski.util.Semaphore.track(Semaphore.java:220)
	at ostrowski.util.Semaphore.lock(Semaphore.java:161)
	at ostrowski.util.SemaphoreAutoLocker.<init>(SemaphoreAutoLocker.java:9)
	at ostrowski.combat.common.Character.serializeToStream(Character.java:3379)
	at ostrowski.protocol.SerializableObject.writeToStream(SerializableObject.java:122)
	at ostrowski.combat.protocol.ServerStatus.serializeToStream(ServerStatus.java:43)
	at ostrowski.util.sockets.SocketConnector.sendObject(SocketConnector.java:213)
	at ostrowski.combat.server.ClientProxy.sendObject(ClientProxy.java:32)
	at ostrowski.combat.server.Arena.sendEventToAllClients(Arena.java:781)
	at ostrowski.combat.server.Arena.sendServerStatus(Arena.java:860)
	at ostrowski.combat.server.Arena.addCombatant(Arena.java:224)
	at ostrowski.combat.server.Arena.addCombatant(Arena.java:203)
	at ostrowski.combat.server.ClientProxy.processRecievedObject(ClientProxy.java:61)
	at ostrowski.util.sockets.SocketConnector.readAndProcessMessageFromSocket(SocketConnector.java:190)
	at ostrowski.util.sockets.SocketConnector.run(SocketConnector.java:115)


04/11/16 02:35:28.696
Possible Deadlock condition found:
order violation: object Arena_proxyList[1] locked, while attempting to lock object equipment[1].
Object will be unlocked manually.
Name [order] = equipment[1], lock count = 1, wait count = 0, track count = 1
	at ostrowski.util.Semaphore.checkForOrderViolation(Semaphore.java:350)
	at ostrowski.util.Semaphore.track(Semaphore.java:220)
	at ostrowski.util.Semaphore.lock(Semaphore.java:161)
	at ostrowski.util.SemaphoreAutoLocker.<init>(SemaphoreAutoLocker.java:9)
	at ostrowski.combat.common.Character.serializeToStream(Character.java:3379)
	at ostrowski.protocol.SerializableObject.writeToStream(SerializableObject.java:122)
	at ostrowski.combat.protocol.ServerStatus.serializeToStream(ServerStatus.java:43)
	at ostrowski.util.sockets.SocketConnector.sendObject(SocketConnector.java:213)
	at ostrowski.combat.server.ClientProxy.sendObject(ClientProxy.java:32)
	at ostrowski.combat.server.Arena.sendEventToAllClients(Arena.java:781)
	at ostrowski.combat.server.Arena.sendServerStatus(Arena.java:860)
	at ostrowski.combat.server.Arena.addCombatant(Arena.java:224)
	at ostrowski.combat.server.Arena.addCombatant(Arena.java:203)
	at ostrowski.combat.server.ClientProxy.processRecievedObject(ClientProxy.java:61)
	at ostrowski.util.sockets.SocketConnector.readAndProcessMessageFromSocket(SocketConnector.java:190)
	at ostrowski.util.sockets.SocketConnector.run(SocketConnector.java:115)


04/11/16 02:35:29.127
Possible Deadlock condition found:
order violation: object Arena_proxyList[1] locked, while attempting to lock object equipment[1].
Object will be unlocked manually.
Name [order] = equipment[1], lock count = 1, wait count = 0, track count = 1
	at ostrowski.util.Semaphore.checkForOrderViolation(Semaphore.java:350)
	at ostrowski.util.Semaphore.track(Semaphore.java:220)
	at ostrowski.util.Semaphore.lock(Semaphore.java:161)
	at ostrowski.util.SemaphoreAutoLocker.<init>(SemaphoreAutoLocker.java:9)
	at ostrowski.combat.common.Character.serializeToStream(Character.java:3379)
	at ostrowski.util.sockets.SocketConnector.sendObject(SocketConnector.java:213)
	at ostrowski.combat.server.ClientProxy.sendObject(ClientProxy.java:32)
	at ostrowski.combat.server.Arena.sendEventToAllClients(Arena.java:781)
	at ostrowski.combat.server.Battle.resolvePainAndInitiative(Battle.java:2041)
	at ostrowski.combat.server.Battle.executeTurn(Battle.java:210)
	at ostrowski.combat.server.Battle.run(Battle.java:161)


04/11/16 02:35:29.349
Possible Deadlock condition found:
order violation: object Arena_proxyList[1] locked, while attempting to lock object equipment[1].
Object will be unlocked manually.
Name [order] = equipment[1], lock count = 1, wait count = 0, track count = 1
	at ostrowski.util.Semaphore.checkForOrderViolation(Semaphore.java:350)
	at ostrowski.util.Semaphore.track(Semaphore.java:220)
	at ostrowski.util.Semaphore.lock(Semaphore.java:161)
	at ostrowski.util.SemaphoreAutoLocker.<init>(SemaphoreAutoLocker.java:9)
	at ostrowski.combat.common.Character.serializeToStream(Character.java:3379)
	at ostrowski.util.sockets.SocketConnector.sendObject(SocketConnector.java:213)
	at ostrowski.combat.server.ClientProxy.sendObject(ClientProxy.java:32)
	at ostrowski.combat.server.Arena.sendEventToAllClients(Arena.java:781)
	at ostrowski.combat.server.Arena.sendCharacterUpdate(Arena.java:869)
	at ostrowski.combat.server.Arena.applyMovement(Arena.java:1002)
	at ostrowski.combat.server.Battle.selectActions(Battle.java:1702)
	at ostrowski.combat.server.Battle.executeRound(Battle.java:388)
	at ostrowski.combat.server.Battle.executeTurn(Battle.java:235)
	at ostrowski.combat.server.Battle.run(Battle.java:161)


04/11/16 02:35:29.823
Possible Deadlock condition found:
order violation: object Arena_proxyList[1] locked, while attempting to lock object equipment[1].
Object will be unlocked manually.
Name [order] = equipment[1], lock count = 1, wait count = 0, track count = 1
	at ostrowski.util.Semaphore.checkForOrderViolation(Semaphore.java:350)
	at ostrowski.util.Semaphore.track(Semaphore.java:220)
	at ostrowski.util.Semaphore.lock(Semaphore.java:161)
	at ostrowski.util.SemaphoreAutoLocker.<init>(SemaphoreAutoLocker.java:9)
	at ostrowski.combat.common.Character.serializeToStream(Character.java:3379)
	at ostrowski.util.sockets.SocketConnector.sendObject(SocketConnector.java:213)
	at ostrowski.combat.server.ClientProxy.sendObject(ClientProxy.java:32)
	at ostrowski.combat.server.Arena.sendEventToAllClients(Arena.java:781)
	at ostrowski.combat.server.Arena.sendCharacterUpdate(Arena.java:869)
	at ostrowski.combat.server.Battle.applyActions(Battle.java:533)
	at ostrowski.combat.server.Battle.executeRound(Battle.java:391)
	at ostrowski.combat.server.Battle.executeTurn(Battle.java:235)
	at ostrowski.combat.server.Battle.run(Battle.java:161)


04/11/16 02:43:48.035
Possible Deadlock condition found:
order violation: object Arena_proxyList[1] locked, while attempting to lock object equipment[1].
Object will be unlocked manually.
Name [order] = equipment[1], lock count = 1, wait count = 0, track count = 1
	at ostrowski.util.Semaphore.checkForOrderViolation(Semaphore.java:350)
	at ostrowski.util.Semaphore.track(Semaphore.java:220)
	at ostrowski.util.Semaphore.lock(Semaphore.java:161)
	at ostrowski.util.SemaphoreAutoLocker.<init>(SemaphoreAutoLocker.java:9)
	at ostrowski.combat.common.Character.serializeToStream(Character.java:3379)
	at ostrowski.protocol.SerializableObject.writeToStream(SerializableObject.java:122)
	at ostrowski.combat.protocol.ServerStatus.serializeToStream(ServerStatus.java:43)
	at ostrowski.util.sockets.SocketConnector.sendObject(SocketConnector.java:213)
	at ostrowski.combat.server.ClientProxy.sendObject(ClientProxy.java:32)
	at ostrowski.combat.server.Arena.sendEventToAllClients(Arena.java:781)
	at ostrowski.combat.server.Arena.sendServerStatus(Arena.java:860)
	at ostrowski.combat.server.Arena.addCombatant(Arena.java:224)
	at ostrowski.combat.server.Arena.addCombatant(Arena.java:203)
	at ostrowski.combat.server.ClientProxy.processRecievedObject(ClientProxy.java:61)
	at ostrowski.util.sockets.SocketConnector.readAndProcessMessageFromSocket(SocketConnector.java:190)
	at ostrowski.util.sockets.SocketConnector.run(SocketConnector.java:115)


04/11/16 02:43:48.462
Possible Deadlock condition found:
order violation: object Arena_proxyList[1] locked, while attempting to lock object equipment[1].
Object will be unlocked manually.
Name [order] = equipment[1], lock count = 1, wait count = 0, track count = 1
	at ostrowski.util.Semaphore.checkForOrderViolation(Semaphore.java:350)
	at ostrowski.util.Semaphore.track(Semaphore.java:220)
	at ostrowski.util.Semaphore.lock(Semaphore.java:161)
	at ostrowski.util.SemaphoreAutoLocker.<init>(SemaphoreAutoLocker.java:9)
	at ostrowski.combat.common.Character.serializeToStream(Character.java:3379)
	at ostrowski.util.sockets.SocketConnector.sendObject(SocketConnector.java:213)
	at ostrowski.combat.server.ClientProxy.sendObject(ClientProxy.java:32)
	at ostrowski.combat.server.Arena.sendEventToAllClients(Arena.java:781)
	at ostrowski.combat.server.Battle.resolvePainAndInitiative(Battle.java:2041)
	at ostrowski.combat.server.Battle.executeTurn(Battle.java:210)
	at ostrowski.combat.server.Battle.run(Battle.java:161)


04/11/16 02:48:07.961
Possible Deadlock condition found:
order violation: object Arena_proxyList[1] locked, while attempting to lock object equipment[1].
Object will be unlocked manually.
Name [order] = equipment[1], lock count = 1, wait count = 0, track count = 1
	at ostrowski.util.Semaphore.checkForOrderViolation(Semaphore.java:350)
	at ostrowski.util.Semaphore.track(Semaphore.java:220)
	at ostrowski.util.Semaphore.lock(Semaphore.java:161)
	at ostrowski.util.SemaphoreAutoLocker.<init>(SemaphoreAutoLocker.java:9)
	at ostrowski.combat.common.Character.serializeToStream(Character.java:3379)
	at ostrowski.protocol.SerializableObject.writeToStream(SerializableObject.java:122)
	at ostrowski.combat.protocol.ServerStatus.serializeToStream(ServerStatus.java:43)
	at ostrowski.util.sockets.SocketConnector.sendObject(SocketConnector.java:213)
	at ostrowski.combat.server.ClientProxy.sendObject(ClientProxy.java:32)
	at ostrowski.combat.server.Arena.sendEventToAllClients(Arena.java:781)
	at ostrowski.combat.server.Arena.sendServerStatus(Arena.java:860)
	at ostrowski.combat.server.Arena.addCombatant(Arena.java:224)
	at ostrowski.combat.server.Arena.addCombatant(Arena.java:203)
	at ostrowski.combat.server.ClientProxy.processRecievedObject(ClientProxy.java:61)
	at ostrowski.util.sockets.SocketConnector.readAndProcessMessageFromSocket(SocketConnector.java:190)
	at ostrowski.util.sockets.SocketConnector.run(SocketConnector.java:115)


04/11/16 02:48:08.481
Possible Deadlock condition found:
order violation: object Arena_proxyList[1] locked, while attempting to lock object equipment[1].
Object will be unlocked manually.
Name [order] = equipment[1], lock count = 1, wait count = 0, track count = 1
	at ostrowski.util.Semaphore.checkForOrderViolation(Semaphore.java:350)
	at ostrowski.util.Semaphore.track(Semaphore.java:220)
	at ostrowski.util.Semaphore.lock(Semaphore.java:161)
	at ostrowski.util.SemaphoreAutoLocker.<init>(SemaphoreAutoLocker.java:9)
	at ostrowski.combat.common.Character.serializeToStream(Character.java:3379)
	at ostrowski.util.sockets.SocketConnector.sendObject(SocketConnector.java:213)
	at ostrowski.combat.server.ClientProxy.sendObject(ClientProxy.java:32)
	at ostrowski.combat.server.Arena.sendEventToAllClients(Arena.java:781)
	at ostrowski.combat.server.Battle.resolvePainAndInitiative(Battle.java:2041)
	at ostrowski.combat.server.Battle.executeTurn(Battle.java:210)
	at ostrowski.combat.server.Battle.run(Battle.java:161)


04/11/16 02:51:48.264
Possible Deadlock condition found:
order violation: object Arena_proxyList[1] locked, while attempting to lock object equipment[1].
Object will be unlocked manually.
Name [order] = equipment[1], lock count = 1, wait count = 0, track count = 1
	at ostrowski.util.Semaphore.checkForOrderViolation(Semaphore.java:350)
	at ostrowski.util.Semaphore.track(Semaphore.java:220)
	at ostrowski.util.Semaphore.lock(Semaphore.java:161)
	at ostrowski.util.SemaphoreAutoLocker.<init>(SemaphoreAutoLocker.java:9)
	at ostrowski.combat.common.Character.serializeToStream(Character.java:3379)
	at ostrowski.util.sockets.SocketConnector.sendObject(SocketConnector.java:213)
	at ostrowski.combat.server.ClientProxy.sendObject(ClientProxy.java:32)
	at ostrowski.combat.server.Arena.sendEventToAllClients(Arena.java:781)
	at ostrowski.combat.server.Arena.sendCharacterUpdate(Arena.java:869)
	at ostrowski.combat.server.Arena.applyMovement(Arena.java:1002)
	at ostrowski.combat.server.Battle.selectActions(Battle.java:1702)
	at ostrowski.combat.server.Battle.executeRound(Battle.java:388)
	at ostrowski.combat.server.Battle.executeTurn(Battle.java:235)
	at ostrowski.combat.server.Battle.run(Battle.java:161)


04/11/16 02:51:48.813
Possible Deadlock condition found:
order violation: object Arena_proxyList[1] locked, while attempting to lock object equipment[1].
Object will be unlocked manually.
Name [order] = equipment[1], lock count = 1, wait count = 0, track count = 1
	at ostrowski.util.Semaphore.checkForOrderViolation(Semaphore.java:350)
	at ostrowski.util.Semaphore.track(Semaphore.java:220)
	at ostrowski.util.Semaphore.lock(Semaphore.java:161)
	at ostrowski.util.SemaphoreAutoLocker.<init>(SemaphoreAutoLocker.java:9)
	at ostrowski.combat.common.Character.serializeToStream(Character.java:3379)
	at ostrowski.util.sockets.SocketConnector.sendObject(SocketConnector.java:213)
	at ostrowski.combat.server.ClientProxy.sendObject(ClientProxy.java:32)
	at ostrowski.combat.server.Arena.sendEventToAllClients(Arena.java:781)
	at ostrowski.combat.server.Arena.sendCharacterUpdate(Arena.java:869)
	at ostrowski.combat.server.Battle.applyActions(Battle.java:533)
	at ostrowski.combat.server.Battle.executeRound(Battle.java:391)
	at ostrowski.combat.server.Battle.executeTurn(Battle.java:235)
	at ostrowski.combat.server.Battle.run(Battle.java:161)


04/11/16 03:30:20.357
Possible Deadlock condition found:
order violation: object Arena_proxyList[1] locked, while attempting to lock object equipment[1].
Object will be unlocked manually.
Name [order] = equipment[1], lock count = 1, wait count = 0, track count = 1
	at ostrowski.util.Semaphore.checkForOrderViolation(Semaphore.java:350)
	at ostrowski.util.Semaphore.track(Semaphore.java:220)
	at ostrowski.util.Semaphore.lock(Semaphore.java:161)
	at ostrowski.util.SemaphoreAutoLocker.<init>(SemaphoreAutoLocker.java:9)
	at ostrowski.combat.common.Character.serializeToStream(Character.java:3379)
	at ostrowski.protocol.SerializableObject.writeToStream(SerializableObject.java:122)
	at ostrowski.combat.protocol.ServerStatus.serializeToStream(ServerStatus.java:43)
	at ostrowski.util.sockets.SocketConnector.sendObject(SocketConnector.java:213)
	at ostrowski.combat.server.ClientProxy.sendObject(ClientProxy.java:32)
	at ostrowski.combat.server.Arena.sendEventToAllClients(Arena.java:781)
	at ostrowski.combat.server.Arena.sendServerStatus(Arena.java:860)
	at ostrowski.combat.server.Arena.addCombatant(Arena.java:224)
	at ostrowski.combat.server.Arena.addCombatant(Arena.java:203)
	at ostrowski.combat.server.ClientProxy.processRecievedObject(ClientProxy.java:61)
	at ostrowski.util.sockets.SocketConnector.readAndProcessMessageFromSocket(SocketConnector.java:190)
	at ostrowski.util.sockets.SocketConnector.run(SocketConnector.java:115)


04/11/16 03:30:20.824
Possible Deadlock condition found:
order violation: object Arena_proxyList[1] locked, while attempting to lock object equipment[1].
Object will be unlocked manually.
Name [order] = equipment[1], lock count = 1, wait count = 0, track count = 1
	at ostrowski.util.Semaphore.checkForOrderViolation(Semaphore.java:350)
	at ostrowski.util.Semaphore.track(Semaphore.java:220)
	at ostrowski.util.Semaphore.lock(Semaphore.java:161)
	at ostrowski.util.SemaphoreAutoLocker.<init>(SemaphoreAutoLocker.java:9)
	at ostrowski.combat.common.Character.serializeToStream(Character.java:3379)
	at ostrowski.util.sockets.SocketConnector.sendObject(SocketConnector.java:213)
	at ostrowski.combat.server.ClientProxy.sendObject(ClientProxy.java:32)
	at ostrowski.combat.server.Arena.sendEventToAllClients(Arena.java:781)
	at ostrowski.combat.server.Battle.resolvePainAndInitiative(Battle.java:2041)
	at ostrowski.combat.server.Battle.executeTurn(Battle.java:210)
	at ostrowski.combat.server.Battle.run(Battle.java:161)


04/11/16 03:30:21.105
Possible Deadlock condition found:
order violation: object Arena_proxyList[1] locked, while attempting to lock object equipment[1].
Object will be unlocked manually.
Name [order] = equipment[1], lock count = 1, wait count = 0, track count = 1
	at ostrowski.util.Semaphore.checkForOrderViolation(Semaphore.java:350)
	at ostrowski.util.Semaphore.track(Semaphore.java:220)
	at ostrowski.util.Semaphore.lock(Semaphore.java:161)
	at ostrowski.util.SemaphoreAutoLocker.<init>(SemaphoreAutoLocker.java:9)
	at ostrowski.combat.common.Character.serializeToStream(Character.java:3379)
	at ostrowski.util.sockets.SocketConnector.sendObject(SocketConnector.java:213)
	at ostrowski.combat.server.ClientProxy.sendObject(ClientProxy.java:32)
	at ostrowski.combat.server.Arena.sendEventToAllClients(Arena.java:781)
	at ostrowski.combat.server.Arena.sendCharacterUpdate(Arena.java:869)
	at ostrowski.combat.server.Arena.applyMovement(Arena.java:1002)
	at ostrowski.combat.server.Battle.selectActions(Battle.java:1702)
	at ostrowski.combat.server.Battle.executeRound(Battle.java:388)
	at ostrowski.combat.server.Battle.executeTurn(Battle.java:235)
	at ostrowski.combat.server.Battle.run(Battle.java:161)


04/11/16 03:30:21.576
Possible Deadlock condition found:
order violation: object Arena_proxyList[1] locked, while attempting to lock object equipment[1].
Object will be unlocked manually.
Name [order] = equipment[1], lock count = 1, wait count = 0, track count = 1
	at ostrowski.util.Semaphore.checkForOrderViolation(Semaphore.java:350)
	at ostrowski.util.Semaphore.track(Semaphore.java:220)
	at ostrowski.util.Semaphore.lock(Semaphore.java:161)
	at ostrowski.util.SemaphoreAutoLocker.<init>(SemaphoreAutoLocker.java:9)
	at ostrowski.combat.common.Character.serializeToStream(Character.java:3379)
	at ostrowski.util.sockets.SocketConnector.sendObject(SocketConnector.java:213)
	at ostrowski.combat.server.ClientProxy.sendObject(ClientProxy.java:32)
	at ostrowski.combat.server.Arena.sendEventToAllClients(Arena.java:781)
	at ostrowski.combat.server.Arena.sendCharacterUpdate(Arena.java:869)
	at ostrowski.combat.server.Battle.applyActions(Battle.java:533)
	at ostrowski.combat.server.Battle.executeRound(Battle.java:391)
	at ostrowski.combat.server.Battle.executeTurn(Battle.java:235)
	at ostrowski.combat.server.Battle.run(Battle.java:161)


04/11/16 03:30:46.867
Possible Deadlock condition found:
order violation: object Arena_proxyList[1] locked, while attempting to lock object equipment[1].
Object will be unlocked manually.
Name [order] = equipment[1], lock count = 1, wait count = 0, track count = 1
	at ostrowski.util.Semaphore.checkForOrderViolation(Semaphore.java:350)
	at ostrowski.util.Semaphore.track(Semaphore.java:220)
	at ostrowski.util.Semaphore.lock(Semaphore.java:161)
	at ostrowski.util.SemaphoreAutoLocker.<init>(SemaphoreAutoLocker.java:9)
	at ostrowski.combat.common.Character.serializeToStream(Character.java:3379)
	at ostrowski.util.sockets.SocketConnector.sendObject(SocketConnector.java:213)
	at ostrowski.combat.server.ClientProxy.sendObject(ClientProxy.java:32)
	at ostrowski.combat.server.Arena.sendEventToAllClients(Arena.java:781)
	at ostrowski.combat.server.Arena.sendCharacterUpdate(Arena.java:869)
	at ostrowski.combat.server.Arena.moveCharacter(Arena.java:912)
	at ostrowski.combat.server.Battle.selectActions(Battle.java:1729)
	at ostrowski.combat.server.Battle.executeRound(Battle.java:388)
	at ostrowski.combat.server.Battle.executeTurn(Battle.java:235)
	at ostrowski.combat.server.Battle.run(Battle.java:161)


04/11/16 03:30:54.553
Possible Deadlock condition found:
order violation: object Arena_proxyList[1] locked, while attempting to lock object equipment[1].
Object will be unlocked manually.
Name [order] = equipment[1], lock count = 1, wait count = 0, track count = 1
	at ostrowski.util.Semaphore.checkForOrderViolation(Semaphore.java:350)
	at ostrowski.util.Semaphore.track(Semaphore.java:220)
	at ostrowski.util.Semaphore.lock(Semaphore.java:161)
	at ostrowski.util.SemaphoreAutoLocker.<init>(SemaphoreAutoLocker.java:9)
	at ostrowski.combat.common.Character.serializeToStream(Character.java:3379)
	at ostrowski.util.sockets.SocketConnector.sendObject(SocketConnector.java:213)
	at ostrowski.combat.server.ClientProxy.sendObject(ClientProxy.java:32)
	at ostrowski.combat.server.Arena.sendEventToAllClients(Arena.java:781)
	at ostrowski.combat.server.Arena.sendCharacterUpdate(Arena.java:869)
	at ostrowski.combat.server.Battle.resolveDefendableAction(Battle.java:611)
	at ostrowski.combat.server.Battle.applyActions(Battle.java:496)
	at ostrowski.combat.server.Battle.executeRound(Battle.java:391)
	at ostrowski.combat.server.Battle.executeTurn(Battle.java:235)
	at ostrowski.combat.server.Battle.run(Battle.java:161)


04/11/16 03:30:54.577
Possible Deadlock condition found:
order violation: object Arena_proxyList[1] locked, while attempting to lock object equipment[1].
Object will be unlocked manually.
Name [order] = equipment[1], lock count = 1, wait count = 0, track count = 1
	at ostrowski.util.Semaphore.checkForOrderViolation(Semaphore.java:350)
	at ostrowski.util.Semaphore.track(Semaphore.java:220)
	at ostrowski.util.Semaphore.lock(Semaphore.java:161)
	at ostrowski.util.SemaphoreAutoLocker.<init>(SemaphoreAutoLocker.java:9)
	at ostrowski.combat.common.Character.serializeToStream(Character.java:3379)
	at ostrowski.util.sockets.SocketConnector.sendObject(SocketConnector.java:213)
	at ostrowski.combat.server.ClientProxy.sendObject(ClientProxy.java:32)
	at ostrowski.combat.server.Arena.sendEventToAllClients(Arena.java:781)
	at ostrowski.combat.server.Arena.sendCharacterUpdate(Arena.java:869)
	at ostrowski.combat.server.Battle.applyWounds(Battle.java:822)
	at ostrowski.combat.server.Battle.executeRound(Battle.java:394)
	at ostrowski.combat.server.Battle.executeTurn(Battle.java:235)
	at ostrowski.combat.server.Battle.run(Battle.java:161)


04/13/16 03:38:15.502
Possible Deadlock condition found:
order violation: object Arena_proxyList[1] locked, while attempting to lock object equipment[1].
Object will be unlocked manually.
Name [order] = equipment[1], lock count = 1, wait count = 0, track count = 1
	at ostrowski.util.Semaphore.checkForOrderViolation(Semaphore.java:350)
	at ostrowski.util.Semaphore.track(Semaphore.java:220)
	at ostrowski.util.Semaphore.lock(Semaphore.java:161)
	at ostrowski.util.SemaphoreAutoLocker.<init>(SemaphoreAutoLocker.java:9)
	at ostrowski.combat.common.Character.serializeToStream(Character.java:3386)
	at ostrowski.protocol.SerializableObject.writeToStream(SerializableObject.java:122)
	at ostrowski.combat.protocol.ServerStatus.serializeToStream(ServerStatus.java:43)
	at ostrowski.util.sockets.SocketConnector.sendObject(SocketConnector.java:213)
	at ostrowski.combat.server.ClientProxy.sendObject(ClientProxy.java:32)
	at ostrowski.combat.server.Arena.sendEventToAllClients(Arena.java:782)
	at ostrowski.combat.server.Arena.sendServerStatus(Arena.java:861)
	at ostrowski.combat.server.Arena.addCombatant(Arena.java:225)
	at ostrowski.combat.server.Arena.addCombatant(Arena.java:204)
	at ostrowski.combat.server.ClientProxy.processRecievedObject(ClientProxy.java:61)
	at ostrowski.util.sockets.SocketConnector.readAndProcessMessageFromSocket(SocketConnector.java:190)
	at ostrowski.util.sockets.SocketConnector.run(SocketConnector.java:115)


04/13/16 03:38:15.974
Possible Deadlock condition found:
order violation: object Arena_proxyList[1] locked, while attempting to lock object equipment[1].
Object will be unlocked manually.
Name [order] = equipment[1], lock count = 1, wait count = 0, track count = 1
	at ostrowski.util.Semaphore.checkForOrderViolation(Semaphore.java:350)
	at ostrowski.util.Semaphore.track(Semaphore.java:220)
	at ostrowski.util.Semaphore.lock(Semaphore.java:161)
	at ostrowski.util.SemaphoreAutoLocker.<init>(SemaphoreAutoLocker.java:9)
	at ostrowski.combat.common.Character.serializeToStream(Character.java:3386)
	at ostrowski.util.sockets.SocketConnector.sendObject(SocketConnector.java:213)
	at ostrowski.combat.server.ClientProxy.sendObject(ClientProxy.java:32)
	at ostrowski.combat.server.Arena.sendEventToAllClients(Arena.java:782)
	at ostrowski.combat.server.Battle.resolvePainAndInitiative(Battle.java:2045)
	at ostrowski.combat.server.Battle.executeTurn(Battle.java:214)
	at ostrowski.combat.server.Battle.run(Battle.java:165)


04/13/16 03:38:16.254
Possible Deadlock condition found:
order violation: object Arena_proxyList[1] locked, while attempting to lock object equipment[1].
Object will be unlocked manually.
Name [order] = equipment[1], lock count = 1, wait count = 0, track count = 1
	at ostrowski.util.Semaphore.checkForOrderViolation(Semaphore.java:350)
	at ostrowski.util.Semaphore.track(Semaphore.java:220)
	at ostrowski.util.Semaphore.lock(Semaphore.java:161)
	at ostrowski.util.SemaphoreAutoLocker.<init>(SemaphoreAutoLocker.java:9)
	at ostrowski.combat.common.Character.serializeToStream(Character.java:3386)
	at ostrowski.util.sockets.SocketConnector.sendObject(SocketConnector.java:213)
	at ostrowski.combat.server.ClientProxy.sendObject(ClientProxy.java:32)
	at ostrowski.combat.server.Arena.sendEventToAllClients(Arena.java:782)
	at ostrowski.combat.server.Arena.sendCharacterUpdate(Arena.java:870)
	at ostrowski.combat.server.Arena.applyMovement(Arena.java:1003)
	at ostrowski.combat.server.Battle.selectActions(Battle.java:1706)
	at ostrowski.combat.server.Battle.executeRound(Battle.java:392)
	at ostrowski.combat.server.Battle.executeTurn(Battle.java:239)
	at ostrowski.combat.server.Battle.run(Battle.java:165)


04/13/16 03:38:16.763
Possible Deadlock condition found:
order violation: object Arena_proxyList[1] locked, while attempting to lock object equipment[1].
Object will be unlocked manually.
Name [order] = equipment[1], lock count = 1, wait count = 0, track count = 1
	at ostrowski.util.Semaphore.checkForOrderViolation(Semaphore.java:350)
	at ostrowski.util.Semaphore.track(Semaphore.java:220)
	at ostrowski.util.Semaphore.lock(Semaphore.java:161)
	at ostrowski.util.SemaphoreAutoLocker.<init>(SemaphoreAutoLocker.java:9)
	at ostrowski.combat.common.Character.serializeToStream(Character.java:3386)
	at ostrowski.util.sockets.SocketConnector.sendObject(SocketConnector.java:213)
	at ostrowski.combat.server.ClientProxy.sendObject(ClientProxy.java:32)
	at ostrowski.combat.server.Arena.sendEventToAllClients(Arena.java:782)
	at ostrowski.combat.server.Arena.sendCharacterUpdate(Arena.java:870)
	at ostrowski.combat.server.Battle.applyActions(Battle.java:537)
	at ostrowski.combat.server.Battle.executeRound(Battle.java:395)
	at ostrowski.combat.server.Battle.executeTurn(Battle.java:239)
	at ostrowski.combat.server.Battle.run(Battle.java:165)


04/13/16 03:39:39.407
Possible Deadlock condition found:
order violation: object Arena_proxyList[1] locked, while attempting to lock object equipment[1].
Object will be unlocked manually.
Name [order] = equipment[1], lock count = 1, wait count = 0, track count = 1
	at ostrowski.util.Semaphore.checkForOrderViolation(Semaphore.java:350)
	at ostrowski.util.Semaphore.track(Semaphore.java:220)
	at ostrowski.util.Semaphore.lock(Semaphore.java:161)
	at ostrowski.util.SemaphoreAutoLocker.<init>(SemaphoreAutoLocker.java:9)
	at ostrowski.combat.common.Character.serializeToStream(Character.java:3386)
	at ostrowski.util.sockets.SocketConnector.sendObject(SocketConnector.java:213)
	at ostrowski.combat.server.ClientProxy.sendObject(ClientProxy.java:32)
	at ostrowski.combat.server.Arena.sendEventToAllClients(Arena.java:782)
	at ostrowski.combat.server.Arena.sendCharacterUpdate(Arena.java:870)
	at ostrowski.combat.server.Battle.resolveDefendableAction(Battle.java:615)
	at ostrowski.combat.server.Battle.applyActions(Battle.java:500)
	at ostrowski.combat.server.Battle.executeRound(Battle.java:395)
	at ostrowski.combat.server.Battle.executeTurn(Battle.java:239)
	at ostrowski.combat.server.Battle.run(Battle.java:165)


04/13/16 03:39:39.428
Possible Deadlock condition found:
order violation: object Arena_proxyList[1] locked, while attempting to lock object equipment[1].
Object will be unlocked manually.
Name [order] = equipment[1], lock count = 1, wait count = 0, track count = 1
	at ostrowski.util.Semaphore.checkForOrderViolation(Semaphore.java:350)
	at ostrowski.util.Semaphore.track(Semaphore.java:220)
	at ostrowski.util.Semaphore.lock(Semaphore.java:161)
	at ostrowski.util.SemaphoreAutoLocker.<init>(SemaphoreAutoLocker.java:9)
	at ostrowski.combat.common.Character.serializeToStream(Character.java:3386)
	at ostrowski.util.sockets.SocketConnector.sendObject(SocketConnector.java:213)
	at ostrowski.combat.server.ClientProxy.sendObject(ClientProxy.java:32)
	at ostrowski.combat.server.Arena.sendEventToAllClients(Arena.java:782)
	at ostrowski.combat.server.Arena.sendCharacterUpdate(Arena.java:870)
	at ostrowski.combat.server.Battle.applyWounds(Battle.java:826)
	at ostrowski.combat.server.Battle.executeRound(Battle.java:398)
	at ostrowski.combat.server.Battle.executeTurn(Battle.java:239)
	at ostrowski.combat.server.Battle.run(Battle.java:165)


04/13/16 03:39:39.433
Possible Deadlock condition found:
order violation: object Arena_proxyList[1] locked, while attempting to lock object equipment[1].
Object will be unlocked manually.
Name [order] = equipment[1], lock count = 1, wait count = 0, track count = 1
	at ostrowski.util.Semaphore.checkForOrderViolation(Semaphore.java:350)
	at ostrowski.util.Semaphore.track(Semaphore.java:220)
	at ostrowski.util.Semaphore.lock(Semaphore.java:161)
	at ostrowski.util.SemaphoreAutoLocker.<init>(SemaphoreAutoLocker.java:9)
	at ostrowski.combat.common.Character.serializeToStream(Character.java:3386)
	at ostrowski.util.sockets.SocketConnector.sendObject(SocketConnector.java:213)
	at ostrowski.combat.server.ClientProxy.sendObject(ClientProxy.java:32)
	at ostrowski.combat.server.Arena.sendEventToAllClients(Arena.java:782)
	at ostrowski.combat.server.Arena.sendCharacterUpdate(Arena.java:870)
	at ostrowski.combat.server.Battle.applySpells(Battle.java:805)
	at ostrowski.combat.server.Battle.executeRound(Battle.java:401)
	at ostrowski.combat.server.Battle.executeTurn(Battle.java:239)
	at ostrowski.combat.server.Battle.run(Battle.java:165)


04/13/16 04:40:21.353
Possible Deadlock condition found:
order violation: object Arena_proxyList[1] locked, while attempting to lock object equipment[1].
Object will be unlocked manually.
Name [order] = equipment[1], lock count = 1, wait count = 0, track count = 1
	at ostrowski.util.Semaphore.checkForOrderViolation(Semaphore.java:350)
	at ostrowski.util.Semaphore.track(Semaphore.java:220)
	at ostrowski.util.Semaphore.lock(Semaphore.java:161)
	at ostrowski.util.SemaphoreAutoLocker.<init>(SemaphoreAutoLocker.java:9)
	at ostrowski.combat.common.Character.serializeToStream(Character.java:3386)
	at ostrowski.protocol.SerializableObject.writeToStream(SerializableObject.java:122)
	at ostrowski.combat.protocol.ServerStatus.serializeToStream(ServerStatus.java:43)
	at ostrowski.util.sockets.SocketConnector.sendObject(SocketConnector.java:213)
	at ostrowski.combat.server.ClientProxy.sendObject(ClientProxy.java:32)
	at ostrowski.combat.server.Arena.sendEventToAllClients(Arena.java:782)
	at ostrowski.combat.server.Arena.sendServerStatus(Arena.java:861)
	at ostrowski.combat.server.Arena.addCombatant(Arena.java:225)
	at ostrowski.combat.server.Arena.addCombatant(Arena.java:204)
	at ostrowski.combat.server.ClientProxy.processRecievedObject(ClientProxy.java:61)
	at ostrowski.util.sockets.SocketConnector.readAndProcessMessageFromSocket(SocketConnector.java:190)
	at ostrowski.util.sockets.SocketConnector.run(SocketConnector.java:115)


04/13/16 04:40:21.812
Possible Deadlock condition found:
order violation: object Arena_proxyList[1] locked, while attempting to lock object equipment[1].
Object will be unlocked manually.
Name [order] = equipment[1], lock count = 1, wait count = 0, track count = 1
	at ostrowski.util.Semaphore.checkForOrderViolation(Semaphore.java:350)
	at ostrowski.util.Semaphore.track(Semaphore.java:220)
	at ostrowski.util.Semaphore.lock(Semaphore.java:161)
	at ostrowski.util.SemaphoreAutoLocker.<init>(SemaphoreAutoLocker.java:9)
	at ostrowski.combat.common.Character.serializeToStream(Character.java:3386)
	at ostrowski.util.sockets.SocketConnector.sendObject(SocketConnector.java:213)
	at ostrowski.combat.server.ClientProxy.sendObject(ClientProxy.java:32)
	at ostrowski.combat.server.Arena.sendEventToAllClients(Arena.java:782)
	at ostrowski.combat.server.Battle.resolvePainAndInitiative(Battle.java:2045)
	at ostrowski.combat.server.Battle.executeTurn(Battle.java:214)
	at ostrowski.combat.server.Battle.run(Battle.java:165)


04/13/16 04:40:37.124
Possible Deadlock condition found:
order violation: object Arena_proxyList[1] locked, while attempting to lock object equipment[1].
Object will be unlocked manually.
Name [order] = equipment[1], lock count = 1, wait count = 0, track count = 1
	at ostrowski.util.Semaphore.checkForOrderViolation(Semaphore.java:350)
	at ostrowski.util.Semaphore.track(Semaphore.java:220)
	at ostrowski.util.Semaphore.lock(Semaphore.java:161)
	at ostrowski.util.SemaphoreAutoLocker.<init>(SemaphoreAutoLocker.java:9)
	at ostrowski.combat.common.Character.serializeToStream(Character.java:3386)
	at ostrowski.util.sockets.SocketConnector.sendObject(SocketConnector.java:213)
	at ostrowski.combat.server.ClientProxy.sendObject(ClientProxy.java:32)
	at ostrowski.combat.server.Arena.sendEventToAllClients(Arena.java:782)
	at ostrowski.combat.server.Arena.sendCharacterUpdate(Arena.java:870)
	at ostrowski.combat.server.Arena.applyMovement(Arena.java:1003)
	at ostrowski.combat.server.Battle.selectActions(Battle.java:1706)
	at ostrowski.combat.server.Battle.executeRound(Battle.java:392)
	at ostrowski.combat.server.Battle.executeTurn(Battle.java:239)
	at ostrowski.combat.server.Battle.run(Battle.java:165)


04/13/16 04:40:43.210
Possible Deadlock condition found:
order violation: object Arena_proxyList[1] locked, while attempting to lock object equipment[1].
Object will be unlocked manually.
Name [order] = equipment[1], lock count = 1, wait count = 0, track count = 1
	at ostrowski.util.Semaphore.checkForOrderViolation(Semaphore.java:350)
	at ostrowski.util.Semaphore.track(Semaphore.java:220)
	at ostrowski.util.Semaphore.lock(Semaphore.java:161)
	at ostrowski.util.SemaphoreAutoLocker.<init>(SemaphoreAutoLocker.java:9)
	at ostrowski.combat.common.Character.serializeToStream(Character.java:3386)
	at ostrowski.util.sockets.SocketConnector.sendObject(SocketConnector.java:213)
	at ostrowski.combat.server.ClientProxy.sendObject(ClientProxy.java:32)
	at ostrowski.combat.server.Arena.sendEventToAllClients(Arena.java:782)
	at ostrowski.combat.server.Arena.sendCharacterUpdate(Arena.java:870)
	at ostrowski.combat.server.Battle.applyActions(Battle.java:537)
	at ostrowski.combat.server.Battle.executeRound(Battle.java:395)
	at ostrowski.combat.server.Battle.executeTurn(Battle.java:239)
	at ostrowski.combat.server.Battle.run(Battle.java:165)


04/13/16 04:42:24.965
Possible Deadlock condition found:
order violation: object Arena_proxyList[1] locked, while attempting to lock object equipment[1].
Object will be unlocked manually.
Name [order] = equipment[1], lock count = 1, wait count = 0, track count = 1
	at ostrowski.util.Semaphore.checkForOrderViolation(Semaphore.java:350)
	at ostrowski.util.Semaphore.track(Semaphore.java:220)
	at ostrowski.util.Semaphore.lock(Semaphore.java:161)
	at ostrowski.util.SemaphoreAutoLocker.<init>(SemaphoreAutoLocker.java:9)
	at ostrowski.combat.common.Character.serializeToStream(Character.java:3386)
	at ostrowski.util.sockets.SocketConnector.sendObject(SocketConnector.java:213)
	at ostrowski.combat.server.ClientProxy.sendObject(ClientProxy.java:32)
	at ostrowski.combat.server.Arena.sendEventToAllClients(Arena.java:782)
	at ostrowski.combat.server.Arena.sendCharacterUpdate(Arena.java:870)
	at ostrowski.combat.server.Battle.resolveDefendableAction(Battle.java:615)
	at ostrowski.combat.server.Battle.applyActions(Battle.java:500)
	at ostrowski.combat.server.Battle.executeRound(Battle.java:395)
	at ostrowski.combat.server.Battle.executeTurn(Battle.java:239)
	at ostrowski.combat.server.Battle.run(Battle.java:165)


04/13/16 04:43:41.927
Possible Deadlock condition found:
order violation: object Arena_proxyList[1] locked, while attempting to lock object equipment[1].
Object will be unlocked manually.
Name [order] = equipment[1], lock count = 1, wait count = 0, track count = 1
	at ostrowski.util.Semaphore.checkForOrderViolation(Semaphore.java:350)
	at ostrowski.util.Semaphore.track(Semaphore.java:220)
	at ostrowski.util.Semaphore.lock(Semaphore.java:161)
	at ostrowski.util.SemaphoreAutoLocker.<init>(SemaphoreAutoLocker.java:9)
	at ostrowski.combat.common.Character.serializeToStream(Character.java:3386)
	at ostrowski.util.sockets.SocketConnector.sendObject(SocketConnector.java:213)
	at ostrowski.combat.server.ClientProxy.sendObject(ClientProxy.java:32)
	at ostrowski.combat.server.Arena.sendEventToAllClients(Arena.java:782)
	at ostrowski.combat.server.Arena.sendCharacterUpdate(Arena.java:870)
	at ostrowski.combat.server.Battle.applyWounds(Battle.java:826)
	at ostrowski.combat.server.Battle.executeRound(Battle.java:398)
	at ostrowski.combat.server.Battle.executeTurn(Battle.java:239)
	at ostrowski.combat.server.Battle.run(Battle.java:165)


04/13/16 04:45:08.214
Possible Deadlock condition found:
order violation: object Arena_proxyList[1] locked, while attempting to lock object equipment[1].
Object will be unlocked manually.
Name [order] = equipment[1], lock count = 1, wait count = 0, track count = 1
	at ostrowski.util.Semaphore.checkForOrderViolation(Semaphore.java:350)
	at ostrowski.util.Semaphore.track(Semaphore.java:220)
	at ostrowski.util.Semaphore.lock(Semaphore.java:161)
	at ostrowski.util.SemaphoreAutoLocker.<init>(SemaphoreAutoLocker.java:9)
	at ostrowski.combat.common.Character.serializeToStream(Character.java:3386)
	at ostrowski.util.sockets.SocketConnector.sendObject(SocketConnector.java:213)
	at ostrowski.combat.server.ClientProxy.sendObject(ClientProxy.java:32)
	at ostrowski.combat.server.Arena.sendEventToAllClients(Arena.java:782)
	at ostrowski.combat.server.Arena.sendCharacterUpdate(Arena.java:870)
	at ostrowski.combat.server.Arena.moveCharacter(Arena.java:913)
	at ostrowski.combat.server.Arena.moveToFrom(Arena.java:898)
	at ostrowski.combat.server.Battle.resolveDamage(Battle.java:1534)
	at ostrowski.combat.server.Battle.resolveAttack(Battle.java:1187)
	at ostrowski.combat.server.Battle.resolveDefendableAction(Battle.java:590)
	at ostrowski.combat.server.Battle.applyActions(Battle.java:500)
	at ostrowski.combat.server.Battle.executeRound(Battle.java:395)
	at ostrowski.combat.server.Battle.executeTurn(Battle.java:239)
	at ostrowski.combat.server.Battle.run(Battle.java:165)


04/13/16 04:45:37.101
Possible Deadlock condition found:
order violation: object Arena_proxyList[1] locked, while attempting to lock object equipment[1].
Object will be unlocked manually.
Name [order] = equipment[1], lock count = 1, wait count = 0, track count = 1
	at ostrowski.util.Semaphore.checkForOrderViolation(Semaphore.java:350)
	at ostrowski.util.Semaphore.track(Semaphore.java:220)
	at ostrowski.util.Semaphore.lock(Semaphore.java:161)
	at ostrowski.util.SemaphoreAutoLocker.<init>(SemaphoreAutoLocker.java:9)
	at ostrowski.combat.common.Character.serializeToStream(Character.java:3386)
	at ostrowski.util.sockets.SocketConnector.sendObject(SocketConnector.java:213)
	at ostrowski.combat.server.ClientProxy.sendObject(ClientProxy.java:32)
	at ostrowski.combat.server.Arena.sendEventToAllClients(Arena.java:782)
	at ostrowski.combat.server.Arena.sendCharacterUpdate(Arena.java:870)
	at ostrowski.combat.server.Arena.moveCharacter(Arena.java:913)
	at ostrowski.combat.server.Battle.resolveAttack(Battle.java:1081)
	at ostrowski.combat.server.Battle.resolveDefendableAction(Battle.java:590)
	at ostrowski.combat.server.Battle.applyActions(Battle.java:500)
	at ostrowski.combat.server.Battle.executeRound(Battle.java:395)
	at ostrowski.combat.server.Battle.executeTurn(Battle.java:239)
	at ostrowski.combat.server.Battle.run(Battle.java:165)


04/29/16 04:13:36.531
Possible Deadlock condition found:
order violation: object Arena_proxyList[1] locked, while attempting to lock object equipment[1].
Object will be unlocked manually.
Name [order] = equipment[1], lock count = 1, wait count = 0, track count = 1
	at ostrowski.util.Semaphore.checkForOrderViolation(Semaphore.java:350)
	at ostrowski.util.Semaphore.track(Semaphore.java:220)
	at ostrowski.util.Semaphore.lock(Semaphore.java:161)
	at ostrowski.util.SemaphoreAutoLocker.<init>(SemaphoreAutoLocker.java:9)
	at ostrowski.combat.common.Character.serializeToStream(Character.java:3386)
	at ostrowski.protocol.SerializableObject.writeToStream(SerializableObject.java:122)
	at ostrowski.combat.protocol.ServerStatus.serializeToStream(ServerStatus.java:43)
	at ostrowski.util.sockets.SocketConnector.sendObject(SocketConnector.java:213)
	at ostrowski.combat.server.ClientProxy.sendObject(ClientProxy.java:32)
	at ostrowski.combat.server.Arena.sendEventToAllClients(Arena.java:782)
	at ostrowski.combat.server.Arena.sendServerStatus(Arena.java:861)
	at ostrowski.combat.server.Arena.addCombatant(Arena.java:225)
	at ostrowski.combat.server.Arena.addCombatant(Arena.java:204)
	at ostrowski.combat.server.ClientProxy.processRecievedObject(ClientProxy.java:61)
	at ostrowski.util.sockets.SocketConnector.readAndProcessMessageFromSocket(SocketConnector.java:190)
	at ostrowski.util.sockets.SocketConnector.run(SocketConnector.java:115)


04/29/16 04:13:37.115
Possible Deadlock condition found:
order violation: object Arena_proxyList[1] locked, while attempting to lock object equipment[1].
Object will be unlocked manually.
Name [order] = equipment[1], lock count = 1, wait count = 0, track count = 1
	at ostrowski.util.Semaphore.checkForOrderViolation(Semaphore.java:350)
	at ostrowski.util.Semaphore.track(Semaphore.java:220)
	at ostrowski.util.Semaphore.lock(Semaphore.java:161)
	at ostrowski.util.SemaphoreAutoLocker.<init>(SemaphoreAutoLocker.java:9)
	at ostrowski.combat.common.Character.serializeToStream(Character.java:3386)
	at ostrowski.util.sockets.SocketConnector.sendObject(SocketConnector.java:213)
	at ostrowski.combat.server.ClientProxy.sendObject(ClientProxy.java:32)
	at ostrowski.combat.server.Arena.sendEventToAllClients(Arena.java:782)
	at ostrowski.combat.server.Battle.resolvePainAndInitiative(Battle.java:2045)
	at ostrowski.combat.server.Battle.executeTurn(Battle.java:214)
	at ostrowski.combat.server.Battle.run(Battle.java:165)


04/29/16 04:13:37.639
Possible Deadlock condition found:
order violation: object Arena_proxyList[1] locked, while attempting to lock object equipment[1].
Object will be unlocked manually.
Name [order] = equipment[1], lock count = 1, wait count = 0, track count = 1
	at ostrowski.util.Semaphore.checkForOrderViolation(Semaphore.java:350)
	at ostrowski.util.Semaphore.track(Semaphore.java:220)
	at ostrowski.util.Semaphore.lock(Semaphore.java:161)
	at ostrowski.util.SemaphoreAutoLocker.<init>(SemaphoreAutoLocker.java:9)
	at ostrowski.combat.common.Character.serializeToStream(Character.java:3386)
	at ostrowski.util.sockets.SocketConnector.sendObject(SocketConnector.java:213)
	at ostrowski.combat.server.ClientProxy.sendObject(ClientProxy.java:32)
	at ostrowski.combat.server.Arena.sendEventToAllClients(Arena.java:782)
	at ostrowski.combat.server.Arena.sendCharacterUpdate(Arena.java:870)
	at ostrowski.combat.server.Arena.applyMovement(Arena.java:1003)
	at ostrowski.combat.server.Battle.selectActions(Battle.java:1706)
	at ostrowski.combat.server.Battle.executeRound(Battle.java:392)
	at ostrowski.combat.server.Battle.executeTurn(Battle.java:239)
	at ostrowski.combat.server.Battle.run(Battle.java:165)


04/29/16 04:14:00.824
Possible Deadlock condition found:
order violation: object Arena_proxyList[1] locked, while attempting to lock object equipment[1].
Object will be unlocked manually.
Name [order] = equipment[1], lock count = 1, wait count = 0, track count = 1
	at ostrowski.util.Semaphore.checkForOrderViolation(Semaphore.java:350)
	at ostrowski.util.Semaphore.track(Semaphore.java:220)
	at ostrowski.util.Semaphore.lock(Semaphore.java:161)
	at ostrowski.util.SemaphoreAutoLocker.<init>(SemaphoreAutoLocker.java:9)
	at ostrowski.combat.common.Character.serializeToStream(Character.java:3386)
	at ostrowski.util.sockets.SocketConnector.sendObject(SocketConnector.java:213)
	at ostrowski.combat.server.ClientProxy.sendObject(ClientProxy.java:32)
	at ostrowski.combat.server.Arena.sendEventToAllClients(Arena.java:782)
	at ostrowski.combat.server.Arena.sendCharacterUpdate(Arena.java:870)
	at ostrowski.combat.server.Battle.applyActions(Battle.java:537)
	at ostrowski.combat.server.Battle.executeRound(Battle.java:395)
	at ostrowski.combat.server.Battle.executeTurn(Battle.java:239)
	at ostrowski.combat.server.Battle.run(Battle.java:165)


04/29/16 04:14:15.983
Possible Deadlock condition found:
order violation: object Arena_proxyList[1] locked, while attempting to lock object equipment[1].
Object will be unlocked manually.
Name [order] = equipment[1], lock count = 1, wait count = 0, track count = 1
	at ostrowski.util.Semaphore.checkForOrderViolation(Semaphore.java:350)
	at ostrowski.util.Semaphore.track(Semaphore.java:220)
	at ostrowski.util.Semaphore.lock(Semaphore.java:161)
	at ostrowski.util.SemaphoreAutoLocker.<init>(SemaphoreAutoLocker.java:9)
	at ostrowski.combat.common.Character.serializeToStream(Character.java:3386)
	at ostrowski.util.sockets.SocketConnector.sendObject(SocketConnector.java:213)
	at ostrowski.combat.server.ClientProxy.sendObject(ClientProxy.java:32)
	at ostrowski.combat.server.Arena.sendEventToAllClients(Arena.java:782)
	at ostrowski.combat.server.Arena.sendCharacterUpdate(Arena.java:870)
	at ostrowski.combat.server.Battle.resolveDefendableAction(Battle.java:615)
	at ostrowski.combat.server.Battle.applyActions(Battle.java:500)
	at ostrowski.combat.server.Battle.executeRound(Battle.java:395)
	at ostrowski.combat.server.Battle.executeTurn(Battle.java:239)
	at ostrowski.combat.server.Battle.run(Battle.java:165)


04/29/16 04:14:15.998
Possible Deadlock condition found:
order violation: object Arena_proxyList[1] locked, while attempting to lock object equipment[1].
Object will be unlocked manually.
Name [order] = equipment[1], lock count = 1, wait count = 0, track count = 1
	at ostrowski.util.Semaphore.checkForOrderViolation(Semaphore.java:350)
	at ostrowski.util.Semaphore.track(Semaphore.java:220)
	at ostrowski.util.Semaphore.lock(Semaphore.java:161)
	at ostrowski.util.SemaphoreAutoLocker.<init>(SemaphoreAutoLocker.java:9)
	at ostrowski.combat.common.Character.serializeToStream(Character.java:3386)
	at ostrowski.util.sockets.SocketConnector.sendObject(SocketConnector.java:213)
	at ostrowski.combat.server.ClientProxy.sendObject(ClientProxy.java:32)
	at ostrowski.combat.server.Arena.sendEventToAllClients(Arena.java:782)
	at ostrowski.combat.server.Arena.sendCharacterUpdate(Arena.java:870)
	at ostrowski.combat.server.Battle.applyWounds(Battle.java:826)
	at ostrowski.combat.server.Battle.executeRound(Battle.java:398)
	at ostrowski.combat.server.Battle.executeTurn(Battle.java:239)
	at ostrowski.combat.server.Battle.run(Battle.java:165)


04/29/16 04:14:54.645
Possible Deadlock condition found:
order violation: object Arena_proxyList[1] locked, while attempting to lock object equipment[1].
Object will be unlocked manually.
Name [order] = equipment[1], lock count = 1, wait count = 0, track count = 1
	at ostrowski.util.Semaphore.checkForOrderViolation(Semaphore.java:350)
	at ostrowski.util.Semaphore.track(Semaphore.java:220)
	at ostrowski.util.Semaphore.lock(Semaphore.java:161)
	at ostrowski.util.SemaphoreAutoLocker.<init>(SemaphoreAutoLocker.java:9)
	at ostrowski.combat.common.Character.serializeToStream(Character.java:3386)
	at ostrowski.util.sockets.SocketConnector.sendObject(SocketConnector.java:213)
	at ostrowski.combat.server.ClientProxy.sendObject(ClientProxy.java:32)
	at ostrowski.combat.server.Arena.sendEventToAllClients(Arena.java:782)
	at ostrowski.combat.server.Arena.sendCharacterUpdate(Arena.java:870)
	at ostrowski.combat.server.Arena.moveCharacter(Arena.java:913)
	at ostrowski.combat.server.Arena.moveToFrom(Arena.java:898)
	at ostrowski.combat.server.Battle.selectActions(Battle.java:1749)
	at ostrowski.combat.server.Battle.executeRound(Battle.java:392)
	at ostrowski.combat.server.Battle.executeTurn(Battle.java:239)
	at ostrowski.combat.server.Battle.run(Battle.java:165)


04/29/16 04:14:54.697
Possible Deadlock condition found:
order violation: object Arena_proxyList[1] locked, while attempting to lock object equipment[1].
Object will be unlocked manually.
Name [order] = equipment[1], lock count = 1, wait count = 0, track count = 1
	at ostrowski.util.Semaphore.checkForOrderViolation(Semaphore.java:350)
	at ostrowski.util.Semaphore.track(Semaphore.java:220)
	at ostrowski.util.Semaphore.lock(Semaphore.java:161)
	at ostrowski.util.SemaphoreAutoLocker.<init>(SemaphoreAutoLocker.java:9)
	at ostrowski.combat.common.Character.serializeToStream(Character.java:3386)
	at ostrowski.util.sockets.SocketConnector.sendObject(SocketConnector.java:213)
	at ostrowski.combat.server.ClientProxy.sendObject(ClientProxy.java:32)
	at ostrowski.combat.server.Arena.sendEventToAllClients(Arena.java:782)
	at ostrowski.combat.server.Arena.sendCharacterUpdate(Arena.java:870)
	at ostrowski.combat.server.Arena.moveCharacter(Arena.java:913)
	at ostrowski.combat.server.Arena.moveToFrom(Arena.java:898)
	at ostrowski.combat.server.Battle.resolveDefendableAction(Battle.java:579)
	at ostrowski.combat.server.Battle.applyActions(Battle.java:500)
	at ostrowski.combat.server.Battle.executeRound(Battle.java:395)
	at ostrowski.combat.server.Battle.executeTurn(Battle.java:239)
	at ostrowski.combat.server.Battle.run(Battle.java:165)


04/29/16 04:16:10.972
Possible Deadlock condition found:
order violation: object Arena_proxyList[1] locked, while attempting to lock object equipment[1].
Object will be unlocked manually.
Name [order] = equipment[1], lock count = 1, wait count = 0, track count = 1
	at ostrowski.util.Semaphore.checkForOrderViolation(Semaphore.java:350)
	at ostrowski.util.Semaphore.track(Semaphore.java:220)
	at ostrowski.util.Semaphore.lock(Semaphore.java:161)
	at ostrowski.util.SemaphoreAutoLocker.<init>(SemaphoreAutoLocker.java:9)
	at ostrowski.combat.common.Character.serializeToStream(Character.java:3386)
	at ostrowski.util.sockets.SocketConnector.sendObject(SocketConnector.java:213)
	at ostrowski.combat.server.ClientProxy.sendObject(ClientProxy.java:32)
	at ostrowski.combat.server.Arena.sendEventToAllClients(Arena.java:782)
	at ostrowski.combat.server.Arena.sendCharacterUpdate(Arena.java:870)
	at ostrowski.combat.server.Arena.moveCharacter(Arena.java:913)
	at ostrowski.combat.server.Arena.moveToFrom(Arena.java:898)
	at ostrowski.combat.server.Battle.resolveDamage(Battle.java:1534)
	at ostrowski.combat.server.Battle.resolveAttack(Battle.java:1187)
	at ostrowski.combat.server.Battle.resolveDefendableAction(Battle.java:590)
	at ostrowski.combat.server.Battle.applyActions(Battle.java:500)
	at ostrowski.combat.server.Battle.executeRound(Battle.java:395)
	at ostrowski.combat.server.Battle.executeTurn(Battle.java:239)
	at ostrowski.combat.server.Battle.run(Battle.java:165)


04/29/16 04:21:28.071
Possible Deadlock condition found:
order violation: object Arena_proxyList[1] locked, while attempting to lock object equipment[1].
Object will be unlocked manually.
Name [order] = equipment[1], lock count = 1, wait count = 0, track count = 1
	at ostrowski.util.Semaphore.checkForOrderViolation(Semaphore.java:350)
	at ostrowski.util.Semaphore.track(Semaphore.java:220)
	at ostrowski.util.Semaphore.lock(Semaphore.java:161)
	at ostrowski.util.SemaphoreAutoLocker.<init>(SemaphoreAutoLocker.java:9)
	at ostrowski.combat.common.Character.serializeToStream(Character.java:3386)
	at ostrowski.util.sockets.SocketConnector.sendObject(SocketConnector.java:213)
	at ostrowski.combat.server.ClientProxy.sendObject(ClientProxy.java:32)
	at ostrowski.combat.server.Arena.sendEventToAllClients(Arena.java:782)
	at ostrowski.combat.server.Arena.sendCharacterUpdate(Arena.java:870)
	at ostrowski.combat.server.Battle.applySpells(Battle.java:805)
	at ostrowski.combat.server.Battle.executeRound(Battle.java:401)
	at ostrowski.combat.server.Battle.executeTurn(Battle.java:239)
	at ostrowski.combat.server.Battle.run(Battle.java:165)


04/29/16 04:32:52.730
Possible Deadlock condition found:
order violation: object Arena_proxyList[1] locked, while attempting to lock object equipment[1].
Object will be unlocked manually.
Name [order] = equipment[1], lock count = 1, wait count = 0, track count = 1
	at ostrowski.util.Semaphore.checkForOrderViolation(Semaphore.java:350)
	at ostrowski.util.Semaphore.track(Semaphore.java:220)
	at ostrowski.util.Semaphore.lock(Semaphore.java:161)
	at ostrowski.util.SemaphoreAutoLocker.<init>(SemaphoreAutoLocker.java:9)
	at ostrowski.combat.common.Character.serializeToStream(Character.java:3386)
	at ostrowski.util.sockets.SocketConnector.sendObject(SocketConnector.java:213)
	at ostrowski.combat.server.ClientProxy.sendObject(ClientProxy.java:32)
	at ostrowski.combat.server.Arena.sendEventToAllClients(Arena.java:782)
	at ostrowski.combat.server.Arena.sendCharacterUpdate(Arena.java:870)
	at ostrowski.combat.server.Battle.applyWounds(Battle.java:826)
	at ostrowski.combat.common.spells.priest.offensive.SpellCallLightning.applySpell(SpellCallLightning.java:183)
	at ostrowski.combat.server.Battle.applySpells(Battle.java:795)
	at ostrowski.combat.server.Battle.executeRound(Battle.java:401)
	at ostrowski.combat.server.Battle.executeTurn(Battle.java:239)
	at ostrowski.combat.server.Battle.run(Battle.java:165)


04/29/16 17:37:19.943
Possible Deadlock condition found:
order violation: object Arena_proxyList[1] locked, while attempting to lock object equipment[1].
Object will be unlocked manually.
Name [order] = equipment[1], lock count = 1, wait count = 0, track count = 1
	at ostrowski.util.Semaphore.checkForOrderViolation(Semaphore.java:350)
	at ostrowski.util.Semaphore.track(Semaphore.java:220)
	at ostrowski.util.Semaphore.lock(Semaphore.java:161)
	at ostrowski.util.SemaphoreAutoLocker.<init>(SemaphoreAutoLocker.java:9)
	at ostrowski.combat.common.Character.serializeToStream(Character.java:3386)
	at ostrowski.protocol.SerializableObject.writeToStream(SerializableObject.java:122)
	at ostrowski.combat.protocol.ServerStatus.serializeToStream(ServerStatus.java:43)
	at ostrowski.util.sockets.SocketConnector.sendObject(SocketConnector.java:213)
	at ostrowski.combat.server.ClientProxy.sendObject(ClientProxy.java:32)
	at ostrowski.combat.server.Arena.sendEventToAllClients(Arena.java:782)
	at ostrowski.combat.server.Arena.sendServerStatus(Arena.java:861)
	at ostrowski.combat.server.Arena.addCombatant(Arena.java:225)
	at ostrowski.combat.server.Arena.addCombatant(Arena.java:204)
	at ostrowski.combat.server.ClientProxy.processRecievedObject(ClientProxy.java:61)
	at ostrowski.util.sockets.SocketConnector.readAndProcessMessageFromSocket(SocketConnector.java:190)
	at ostrowski.util.sockets.SocketConnector.run(SocketConnector.java:115)


04/29/16 17:37:20.713
Possible Deadlock condition found:
order violation: object Arena_proxyList[1] locked, while attempting to lock object equipment[1].
Object will be unlocked manually.
Name [order] = equipment[1], lock count = 1, wait count = 0, track count = 1
	at ostrowski.util.Semaphore.checkForOrderViolation(Semaphore.java:350)
	at ostrowski.util.Semaphore.track(Semaphore.java:220)
	at ostrowski.util.Semaphore.lock(Semaphore.java:161)
	at ostrowski.util.SemaphoreAutoLocker.<init>(SemaphoreAutoLocker.java:9)
	at ostrowski.combat.common.Character.serializeToStream(Character.java:3386)
	at ostrowski.util.sockets.SocketConnector.sendObject(SocketConnector.java:213)
	at ostrowski.combat.server.ClientProxy.sendObject(ClientProxy.java:32)
	at ostrowski.combat.server.Arena.sendEventToAllClients(Arena.java:782)
	at ostrowski.combat.server.Battle.resolvePainAndInitiative(Battle.java:2045)
	at ostrowski.combat.server.Battle.executeTurn(Battle.java:214)
	at ostrowski.combat.server.Battle.run(Battle.java:165)


04/29/16 17:50:12.947
Possible Deadlock condition found:
order violation: object Arena_proxyList[1] locked, while attempting to lock object equipment[1].
Object will be unlocked manually.
Name [order] = equipment[1], lock count = 1, wait count = 0, track count = 1
	at ostrowski.util.Semaphore.checkForOrderViolation(Semaphore.java:350)
	at ostrowski.util.Semaphore.track(Semaphore.java:220)
	at ostrowski.util.Semaphore.lock(Semaphore.java:161)
	at ostrowski.util.SemaphoreAutoLocker.<init>(SemaphoreAutoLocker.java:9)
	at ostrowski.combat.common.Character.serializeToStream(Character.java:3386)
	at ostrowski.util.sockets.SocketConnector.sendObject(SocketConnector.java:213)
	at ostrowski.combat.server.ClientProxy.sendObject(ClientProxy.java:32)
	at ostrowski.combat.server.Arena.sendEventToAllClients(Arena.java:782)
	at ostrowski.combat.server.Arena.sendCharacterUpdate(Arena.java:870)
	at ostrowski.combat.server.Battle.applyActions(Battle.java:537)
	at ostrowski.combat.server.Battle.executeRound(Battle.java:395)
	at ostrowski.combat.server.Battle.executeTurn(Battle.java:239)
	at ostrowski.combat.server.Battle.run(Battle.java:165)


04/29/16 17:50:36.790
Possible Deadlock condition found:
order violation: object Arena_proxyList[1] locked, while attempting to lock object equipment[1].
Object will be unlocked manually.
Name [order] = equipment[1], lock count = 1, wait count = 0, track count = 1
	at ostrowski.util.Semaphore.checkForOrderViolation(Semaphore.java:350)
	at ostrowski.util.Semaphore.track(Semaphore.java:220)
	at ostrowski.util.Semaphore.lock(Semaphore.java:161)
	at ostrowski.util.SemaphoreAutoLocker.<init>(SemaphoreAutoLocker.java:9)
	at ostrowski.combat.common.Character.serializeToStream(Character.java:3386)
	at ostrowski.util.sockets.SocketConnector.sendObject(SocketConnector.java:213)
	at ostrowski.combat.server.ClientProxy.sendObject(ClientProxy.java:32)
	at ostrowski.combat.server.Arena.sendEventToAllClients(Arena.java:782)
	at ostrowski.combat.server.Arena.sendCharacterUpdate(Arena.java:870)
	at ostrowski.combat.server.Arena.applyMovement(Arena.java:1003)
	at ostrowski.combat.server.Battle.selectActions(Battle.java:1706)
	at ostrowski.combat.server.Battle.executeRound(Battle.java:392)
	at ostrowski.combat.server.Battle.executeTurn(Battle.java:239)
	at ostrowski.combat.server.Battle.run(Battle.java:165)


04/29/16 18:00:52.932
Possible Deadlock condition found:
order violation: object Arena_proxyList[1] locked, while attempting to lock object equipment[1].
Object will be unlocked manually.
Name [order] = equipment[1], lock count = 1, wait count = 0, track count = 1
	at ostrowski.util.Semaphore.checkForOrderViolation(Semaphore.java:350)
	at ostrowski.util.Semaphore.track(Semaphore.java:220)
	at ostrowski.util.Semaphore.lock(Semaphore.java:161)
	at ostrowski.util.SemaphoreAutoLocker.<init>(SemaphoreAutoLocker.java:9)
	at ostrowski.combat.common.Character.serializeToStream(Character.java:3386)
	at ostrowski.util.sockets.SocketConnector.sendObject(SocketConnector.java:213)
	at ostrowski.combat.server.ClientProxy.sendObject(ClientProxy.java:32)
	at ostrowski.combat.server.Arena.sendEventToAllClients(Arena.java:782)
	at ostrowski.combat.server.Arena.sendCharacterUpdate(Arena.java:870)
	at ostrowski.combat.server.Battle.resolveDefendableAction(Battle.java:615)
	at ostrowski.combat.server.Battle.applyActions(Battle.java:500)
	at ostrowski.combat.server.Battle.executeRound(Battle.java:395)
	at ostrowski.combat.server.Battle.executeTurn(Battle.java:239)
	at ostrowski.combat.server.Battle.run(Battle.java:165)


04/29/16 18:01:34.170
Possible Deadlock condition found:
order violation: object Arena_proxyList[1] locked, while attempting to lock object equipment[1].
Object will be unlocked manually.
Name [order] = equipment[1], lock count = 1, wait count = 0, track count = 1
	at ostrowski.util.Semaphore.checkForOrderViolation(Semaphore.java:350)
	at ostrowski.util.Semaphore.track(Semaphore.java:220)
	at ostrowski.util.Semaphore.lock(Semaphore.java:161)
	at ostrowski.util.SemaphoreAutoLocker.<init>(SemaphoreAutoLocker.java:9)
	at ostrowski.combat.common.Character.serializeToStream(Character.java:3386)
	at ostrowski.util.sockets.SocketConnector.sendObject(SocketConnector.java:213)
	at ostrowski.combat.server.ClientProxy.sendObject(ClientProxy.java:32)
	at ostrowski.combat.server.Arena.sendEventToAllClients(Arena.java:782)
	at ostrowski.combat.server.Arena.sendCharacterUpdate(Arena.java:870)
	at ostrowski.combat.server.Arena.moveCharacter(Arena.java:913)
	at ostrowski.combat.server.Arena.moveToFrom(Arena.java:898)
	at ostrowski.combat.server.Battle.resolveDefendableAction(Battle.java:579)
	at ostrowski.combat.server.Battle.applyActions(Battle.java:500)
	at ostrowski.combat.server.Battle.executeRound(Battle.java:395)
	at ostrowski.combat.server.Battle.executeTurn(Battle.java:239)
	at ostrowski.combat.server.Battle.run(Battle.java:165)


04/29/16 18:03:32.719
Possible Deadlock condition found:
order violation: object Arena_proxyList[1] locked, while attempting to lock object equipment[1].
Object will be unlocked manually.
Name [order] = equipment[1], lock count = 1, wait count = 0, track count = 1
	at ostrowski.util.Semaphore.checkForOrderViolation(Semaphore.java:350)
	at ostrowski.util.Semaphore.track(Semaphore.java:220)
	at ostrowski.util.Semaphore.lock(Semaphore.java:161)
	at ostrowski.util.SemaphoreAutoLocker.<init>(SemaphoreAutoLocker.java:9)
	at ostrowski.combat.common.Character.serializeToStream(Character.java:3386)
	at ostrowski.util.sockets.SocketConnector.sendObject(SocketConnector.java:213)
	at ostrowski.combat.server.ClientProxy.sendObject(ClientProxy.java:32)
	at ostrowski.combat.server.Arena.sendEventToAllClients(Arena.java:782)
	at ostrowski.combat.server.Arena.sendCharacterUpdate(Arena.java:870)
	at ostrowski.combat.server.Battle.applyWounds(Battle.java:826)
	at ostrowski.combat.server.Battle.executeRound(Battle.java:398)
	at ostrowski.combat.server.Battle.executeTurn(Battle.java:239)
	at ostrowski.combat.server.Battle.run(Battle.java:165)


04/29/16 18:03:32.780
Possible Deadlock condition found:
order violation: object Arena_proxyList[1] locked, while attempting to lock object equipment[1].
Object will be unlocked manually.
Name [order] = equipment[1], lock count = 1, wait count = 0, track count = 1
	at ostrowski.util.Semaphore.checkForOrderViolation(Semaphore.java:350)
	at ostrowski.util.Semaphore.track(Semaphore.java:220)
	at ostrowski.util.Semaphore.lock(Semaphore.java:161)
	at ostrowski.util.SemaphoreAutoLocker.<init>(SemaphoreAutoLocker.java:9)
	at ostrowski.combat.common.Character.serializeToStream(Character.java:3386)
	at ostrowski.util.sockets.SocketConnector.sendObject(SocketConnector.java:213)
	at ostrowski.combat.server.ClientProxy.sendObject(ClientProxy.java:32)
	at ostrowski.combat.server.Arena.sendEventToAllClients(Arena.java:782)
	at ostrowski.combat.server.Arena.sendCharacterUpdate(Arena.java:870)
	at ostrowski.combat.server.Arena.moveCharacter(Arena.java:913)
	at ostrowski.combat.server.Arena.moveToFrom(Arena.java:898)
	at ostrowski.combat.server.Battle.selectActions(Battle.java:1749)
	at ostrowski.combat.server.Battle.executeRound(Battle.java:392)
	at ostrowski.combat.server.Battle.executeTurn(Battle.java:239)
	at ostrowski.combat.server.Battle.run(Battle.java:165)


04/29/16 18:14:21.425
Possible Deadlock condition found:
order violation: object Arena_proxyList[1] locked, while attempting to lock object equipment[1].
Object will be unlocked manually.
Name [order] = equipment[1], lock count = 1, wait count = 0, track count = 1
	at ostrowski.util.Semaphore.checkForOrderViolation(Semaphore.java:350)
	at ostrowski.util.Semaphore.track(Semaphore.java:220)
	at ostrowski.util.Semaphore.lock(Semaphore.java:161)
	at ostrowski.util.SemaphoreAutoLocker.<init>(SemaphoreAutoLocker.java:9)
	at ostrowski.combat.common.Character.serializeToStream(Character.java:3386)
	at ostrowski.util.sockets.SocketConnector.sendObject(SocketConnector.java:213)
	at ostrowski.combat.server.ClientProxy.sendObject(ClientProxy.java:32)
	at ostrowski.combat.server.Arena.sendEventToAllClients(Arena.java:782)
	at ostrowski.combat.server.Arena.sendCharacterUpdate(Arena.java:870)
	at ostrowski.combat.server.Arena.moveCharacter(Arena.java:913)
	at ostrowski.combat.server.Arena.moveToFrom(Arena.java:898)
	at ostrowski.combat.server.Battle.resolveDamage(Battle.java:1534)
	at ostrowski.combat.server.Battle.resolveAttack(Battle.java:1187)
	at ostrowski.combat.server.Battle.resolveDefendableAction(Battle.java:590)
	at ostrowski.combat.server.Battle.applyActions(Battle.java:500)
	at ostrowski.combat.server.Battle.executeRound(Battle.java:395)
	at ostrowski.combat.server.Battle.executeTurn(Battle.java:239)
	at ostrowski.combat.server.Battle.run(Battle.java:165)


04/29/16 18:40:05.888
Possible Deadlock condition found:
order violation: object Arena_proxyList[1] locked, while attempting to lock object equipment[1].
Object will be unlocked manually.
Name [order] = equipment[1], lock count = 1, wait count = 0, track count = 1
	at ostrowski.util.Semaphore.checkForOrderViolation(Semaphore.java:350)
	at ostrowski.util.Semaphore.track(Semaphore.java:220)
	at ostrowski.util.Semaphore.lock(Semaphore.java:161)
	at ostrowski.util.SemaphoreAutoLocker.<init>(SemaphoreAutoLocker.java:9)
	at ostrowski.combat.common.Character.serializeToStream(Character.java:3386)
	at ostrowski.protocol.SerializableObject.writeToStream(SerializableObject.java:122)
	at ostrowski.combat.protocol.ServerStatus.serializeToStream(ServerStatus.java:43)
	at ostrowski.util.sockets.SocketConnector.sendObject(SocketConnector.java:213)
	at ostrowski.combat.server.ClientProxy.sendObject(ClientProxy.java:32)
	at ostrowski.combat.server.Arena.sendEventToAllClients(Arena.java:782)
	at ostrowski.combat.server.Arena.sendServerStatus(Arena.java:861)
	at ostrowski.combat.server.Arena.addCombatant(Arena.java:225)
	at ostrowski.combat.server.Arena.addCombatant(Arena.java:204)
	at ostrowski.combat.server.ClientProxy.processRecievedObject(ClientProxy.java:61)
	at ostrowski.util.sockets.SocketConnector.readAndProcessMessageFromSocket(SocketConnector.java:190)
	at ostrowski.util.sockets.SocketConnector.run(SocketConnector.java:115)


04/29/16 18:40:06.661
Possible Deadlock condition found:
order violation: object Arena_proxyList[1] locked, while attempting to lock object equipment[1].
Object will be unlocked manually.
Name [order] = equipment[1], lock count = 1, wait count = 0, track count = 1
	at ostrowski.util.Semaphore.checkForOrderViolation(Semaphore.java:350)
	at ostrowski.util.Semaphore.track(Semaphore.java:220)
	at ostrowski.util.Semaphore.lock(Semaphore.java:161)
	at ostrowski.util.SemaphoreAutoLocker.<init>(SemaphoreAutoLocker.java:9)
	at ostrowski.combat.common.Character.serializeToStream(Character.java:3386)
	at ostrowski.util.sockets.SocketConnector.sendObject(SocketConnector.java:213)
	at ostrowski.combat.server.ClientProxy.sendObject(ClientProxy.java:32)
	at ostrowski.combat.server.Arena.sendEventToAllClients(Arena.java:782)
	at ostrowski.combat.server.Battle.resolvePainAndInitiative(Battle.java:2045)
	at ostrowski.combat.server.Battle.executeTurn(Battle.java:214)
	at ostrowski.combat.server.Battle.run(Battle.java:165)


04/29/16 18:40:23.598
Possible Deadlock condition found:
order violation: object Arena_proxyList[1] locked, while attempting to lock object equipment[1].
Object will be unlocked manually.
Name [order] = equipment[1], lock count = 1, wait count = 0, track count = 1
	at ostrowski.util.Semaphore.checkForOrderViolation(Semaphore.java:350)
	at ostrowski.util.Semaphore.track(Semaphore.java:220)
	at ostrowski.util.Semaphore.lock(Semaphore.java:161)
	at ostrowski.util.SemaphoreAutoLocker.<init>(SemaphoreAutoLocker.java:9)
	at ostrowski.combat.common.Character.serializeToStream(Character.java:3386)
	at ostrowski.util.sockets.SocketConnector.sendObject(SocketConnector.java:213)
	at ostrowski.combat.server.ClientProxy.sendObject(ClientProxy.java:32)
	at ostrowski.combat.server.Arena.sendEventToAllClients(Arena.java:782)
	at ostrowski.combat.server.Arena.sendCharacterUpdate(Arena.java:870)
	at ostrowski.combat.server.Arena.applyMovement(Arena.java:1003)
	at ostrowski.combat.server.Battle.selectActions(Battle.java:1706)
	at ostrowski.combat.server.Battle.executeRound(Battle.java:392)
	at ostrowski.combat.server.Battle.executeTurn(Battle.java:239)
	at ostrowski.combat.server.Battle.run(Battle.java:165)


04/29/16 18:40:23.964
Possible Deadlock condition found:
order violation: object Arena_proxyList[1] locked, while attempting to lock object equipment[1].
Object will be unlocked manually.
Name [order] = equipment[1], lock count = 1, wait count = 0, track count = 1
	at ostrowski.util.Semaphore.checkForOrderViolation(Semaphore.java:350)
	at ostrowski.util.Semaphore.track(Semaphore.java:220)
	at ostrowski.util.Semaphore.lock(Semaphore.java:161)
	at ostrowski.util.SemaphoreAutoLocker.<init>(SemaphoreAutoLocker.java:9)
	at ostrowski.combat.common.Character.serializeToStream(Character.java:3386)
	at ostrowski.util.sockets.SocketConnector.sendObject(SocketConnector.java:213)
	at ostrowski.combat.server.ClientProxy.sendObject(ClientProxy.java:32)
	at ostrowski.combat.server.Arena.sendEventToAllClients(Arena.java:782)
	at ostrowski.combat.server.Arena.sendCharacterUpdate(Arena.java:870)
	at ostrowski.combat.server.Battle.applyActions(Battle.java:537)
	at ostrowski.combat.server.Battle.executeRound(Battle.java:395)
	at ostrowski.combat.server.Battle.executeTurn(Battle.java:239)
	at ostrowski.combat.server.Battle.run(Battle.java:165)


04/29/16 18:41:02.319
Possible Deadlock condition found:
order violation: object Arena_proxyList[1] locked, while attempting to lock object equipment[1].
Object will be unlocked manually.
Name [order] = equipment[1], lock count = 1, wait count = 0, track count = 1
	at ostrowski.util.Semaphore.checkForOrderViolation(Semaphore.java:350)
	at ostrowski.util.Semaphore.track(Semaphore.java:220)
	at ostrowski.util.Semaphore.lock(Semaphore.java:161)
	at ostrowski.util.SemaphoreAutoLocker.<init>(SemaphoreAutoLocker.java:9)
	at ostrowski.combat.common.Character.serializeToStream(Character.java:3386)
	at ostrowski.util.sockets.SocketConnector.sendObject(SocketConnector.java:213)
	at ostrowski.combat.server.ClientProxy.sendObject(ClientProxy.java:32)
	at ostrowski.combat.server.Arena.sendEventToAllClients(Arena.java:782)
	at ostrowski.combat.server.Arena.sendCharacterUpdate(Arena.java:870)
	at ostrowski.combat.server.Arena.moveCharacter(Arena.java:913)
	at ostrowski.combat.server.Arena.moveToFrom(Arena.java:898)
	at ostrowski.combat.server.Battle.resolveDefendableAction(Battle.java:579)
	at ostrowski.combat.server.Battle.applyActions(Battle.java:500)
	at ostrowski.combat.server.Battle.executeRound(Battle.java:395)
	at ostrowski.combat.server.Battle.executeTurn(Battle.java:239)
	at ostrowski.combat.server.Battle.run(Battle.java:165)


04/29/16 18:41:02.359
Possible Deadlock condition found:
order violation: object Arena_proxyList[1] locked, while attempting to lock object equipment[1].
Object will be unlocked manually.
Name [order] = equipment[1], lock count = 1, wait count = 0, track count = 1
	at ostrowski.util.Semaphore.checkForOrderViolation(Semaphore.java:350)
	at ostrowski.util.Semaphore.track(Semaphore.java:220)
	at ostrowski.util.Semaphore.lock(Semaphore.java:161)
	at ostrowski.util.SemaphoreAutoLocker.<init>(SemaphoreAutoLocker.java:9)
	at ostrowski.combat.common.Character.serializeToStream(Character.java:3386)
	at ostrowski.util.sockets.SocketConnector.sendObject(SocketConnector.java:213)
	at ostrowski.combat.server.ClientProxy.sendObject(ClientProxy.java:32)
	at ostrowski.combat.server.Arena.sendEventToAllClients(Arena.java:782)
	at ostrowski.combat.server.Arena.sendCharacterUpdate(Arena.java:870)
	at ostrowski.combat.server.Battle.resolveDefendableAction(Battle.java:615)
	at ostrowski.combat.server.Battle.applyActions(Battle.java:500)
	at ostrowski.combat.server.Battle.executeRound(Battle.java:395)
	at ostrowski.combat.server.Battle.executeTurn(Battle.java:239)
	at ostrowski.combat.server.Battle.run(Battle.java:165)


04/29/16 18:41:08.635
Possible Deadlock condition found:
order violation: object Arena_proxyList[1] locked, while attempting to lock object equipment[1].
Object will be unlocked manually.
Name [order] = equipment[1], lock count = 1, wait count = 0, track count = 1
	at ostrowski.util.Semaphore.checkForOrderViolation(Semaphore.java:350)
	at ostrowski.util.Semaphore.track(Semaphore.java:220)
	at ostrowski.util.Semaphore.lock(Semaphore.java:161)
	at ostrowski.util.SemaphoreAutoLocker.<init>(SemaphoreAutoLocker.java:9)
	at ostrowski.combat.common.Character.serializeToStream(Character.java:3386)
	at ostrowski.util.sockets.SocketConnector.sendObject(SocketConnector.java:213)
	at ostrowski.combat.server.ClientProxy.sendObject(ClientProxy.java:32)
	at ostrowski.combat.server.Arena.sendEventToAllClients(Arena.java:782)
	at ostrowski.combat.server.Arena.sendCharacterUpdate(Arena.java:870)
	at ostrowski.combat.server.Arena.moveCharacter(Arena.java:913)
	at ostrowski.combat.server.Arena.moveToFrom(Arena.java:898)
	at ostrowski.combat.server.Battle.selectActions(Battle.java:1749)
	at ostrowski.combat.server.Battle.executeRound(Battle.java:392)
	at ostrowski.combat.server.Battle.executeTurn(Battle.java:239)
	at ostrowski.combat.server.Battle.run(Battle.java:165)


04/29/16 18:45:33.555
Possible Deadlock condition found:
order violation: object Arena_proxyList[1] locked, while attempting to lock object equipment[1].
Object will be unlocked manually.
Name [order] = equipment[1], lock count = 1, wait count = 0, track count = 1
	at ostrowski.util.Semaphore.checkForOrderViolation(Semaphore.java:350)
	at ostrowski.util.Semaphore.track(Semaphore.java:220)
	at ostrowski.util.Semaphore.lock(Semaphore.java:161)
	at ostrowski.util.SemaphoreAutoLocker.<init>(SemaphoreAutoLocker.java:9)
	at ostrowski.combat.common.Character.serializeToStream(Character.java:3386)
	at ostrowski.util.sockets.SocketConnector.sendObject(SocketConnector.java:213)
	at ostrowski.combat.server.ClientProxy.sendObject(ClientProxy.java:32)
	at ostrowski.combat.server.Arena.sendEventToAllClients(Arena.java:782)
	at ostrowski.combat.server.Arena.sendCharacterUpdate(Arena.java:870)
	at ostrowski.combat.server.Battle.applyWounds(Battle.java:826)
	at ostrowski.combat.server.Battle.executeRound(Battle.java:398)
	at ostrowski.combat.server.Battle.executeTurn(Battle.java:239)
	at ostrowski.combat.server.Battle.run(Battle.java:165)


07/05/16 05:13:58.340
Possible Deadlock condition found:
order violation: object AreanLocation_lock_this[2] locked, while attempting to lock object AreanLocation_lock_this[2].
Object will be unlocked manually.
Name [order] = AreanLocation_lock_this[2], lock count = 0, wait count = 0, track count = 1
	at ostrowski.util.Semaphore.checkForOrderViolation(Semaphore.java:350)
	at ostrowski.util.Semaphore.track(Semaphore.java:220)
	at ostrowski.util.SemaphoreAutoTracker.<init>(SemaphoreAutoTracker.java:9)
	at ostrowski.combat.common.CombatMap.getDoorInFacing(CombatMap.java:1817)
	at ostrowski.combat.common.CombatMap.getDoorBetween(CombatMap.java:1799)
	at ostrowski.combat.common.CombatMap.addAdjacentLocationAction(CombatMap.java:1707)
	at ostrowski.combat.common.CombatMap.addLocationActions(CombatMap.java:1695)
	at ostrowski.combat.server.Arena.addLocationActions(Arena.java:1810)
	at ostrowski.combat.common.Character.getActionRequest(Character.java:1975)
	at ostrowski.combat.protocol.request.RequestAction.getNextQuestion(RequestAction.java:285)
	at ostrowski.combat.server.Battle.getNextQuestionForAction(Battle.java:1885)
	at ostrowski.combat.server.Battle.selectActions(Battle.java:1773)
	at ostrowski.combat.server.Battle.executeRound(Battle.java:395)
	at ostrowski.combat.server.Battle.executeTurn(Battle.java:242)
	at ostrowski.combat.server.Battle.run(Battle.java:168)


07/05/16 05:13:58.457
Possible Deadlock condition found:
order violation: object AreanLocation_lock_this[2] locked, while attempting to lock object AreanLocation_lock_this[2].
Object will be unlocked manually.
Name [order] = AreanLocation_lock_this[2], lock count = 0, wait count = 0, track count = 1
	at ostrowski.util.Semaphore.checkForOrderViolation(Semaphore.java:350)
	at ostrowski.util.Semaphore.track(Semaphore.java:220)
	at ostrowski.util.SemaphoreAutoTracker.<init>(SemaphoreAutoTracker.java:9)
	at ostrowski.combat.common.CombatMap.getDoorBetween(CombatMap.java:1805)
	at ostrowski.combat.common.CombatMap.addAdjacentLocationAction(CombatMap.java:1707)
	at ostrowski.combat.common.CombatMap.addLocationActions(CombatMap.java:1695)
	at ostrowski.combat.server.Arena.addLocationActions(Arena.java:1810)
	at ostrowski.combat.common.Character.getActionRequest(Character.java:1975)
	at ostrowski.combat.protocol.request.RequestAction.getNextQuestion(RequestAction.java:285)
	at ostrowski.combat.server.Battle.getNextQuestionForAction(Battle.java:1885)
	at ostrowski.combat.server.Battle.selectActions(Battle.java:1773)
	at ostrowski.combat.server.Battle.executeRound(Battle.java:395)
	at ostrowski.combat.server.Battle.executeTurn(Battle.java:242)
	at ostrowski.combat.server.Battle.run(Battle.java:168)


07/05/16 05:13:58.462
Possible Deadlock condition found:
order violation: object AreanLocation_lock_this[2] locked, while attempting to lock object AreanLocation_lock_this[2].
Object will be unlocked manually.
Name [order] = AreanLocation_lock_this[2], lock count = 0, wait count = 0, track count = 1
	at ostrowski.util.Semaphore.checkForOrderViolation(Semaphore.java:350)
	at ostrowski.util.Semaphore.track(Semaphore.java:220)
	at ostrowski.util.SemaphoreAutoTracker.<init>(SemaphoreAutoTracker.java:9)
	at ostrowski.combat.common.CombatMap.getDoorInFacing(CombatMap.java:1817)
	at ostrowski.combat.common.CombatMap.getDoorBetween(CombatMap.java:1799)
	at ostrowski.combat.common.CombatMap.addAdjacentLocationAction(CombatMap.java:1707)
	at ostrowski.combat.common.CombatMap.addLocationActions(CombatMap.java:1698)
	at ostrowski.combat.server.Arena.addLocationActions(Arena.java:1810)
	at ostrowski.combat.common.Character.getActionRequest(Character.java:1975)
	at ostrowski.combat.protocol.request.RequestAction.getNextQuestion(RequestAction.java:285)
	at ostrowski.combat.server.Battle.getNextQuestionForAction(Battle.java:1885)
	at ostrowski.combat.server.Battle.selectActions(Battle.java:1773)
	at ostrowski.combat.server.Battle.executeRound(Battle.java:395)
	at ostrowski.combat.server.Battle.executeTurn(Battle.java:242)
	at ostrowski.combat.server.Battle.run(Battle.java:168)


08/04/17 03:07:31.451
Possible Deadlock condition found:
order violation: object SyncRequest[1] locked, while attempting to lock object equipment[1].
Object will be unlocked manually.
Name [order] = equipment[1], lock count = 1, wait count = 0, track count = 1
	at ostrowski.util.Semaphore.checkForOrderViolation(Semaphore.java:350)
	at ostrowski.util.Semaphore.track(Semaphore.java:220)
	at ostrowski.util.Semaphore.lock(Semaphore.java:161)
	at ostrowski.util.SemaphoreAutoLocker.<init>(SemaphoreAutoLocker.java:9)
	at ostrowski.combat.common.Character.serializeToString(Character.java:3829)
	at ostrowski.combat.common.Character.equals(Character.java:4434)
	at java.util.ArrayList.indexOf(Unknown Source)
	at java.util.ArrayList.contains(Unknown Source)
	at ostrowski.combat.common.Character.setPlacedIntoHoldThisTurn(Character.java:6027)
	at ostrowski.combat.common.Character.setHoldLevel(Character.java:5984)
	at ostrowski.combat.server.Battle.resolveDamage(Battle.java:1505)
	at ostrowski.combat.server.Battle.resolveAttack(Battle.java:1206)
	at ostrowski.combat.server.Battle.resolveDefendableAction(Battle.java:600)
	at ostrowski.combat.server.Battle.applyActions(Battle.java:503)
	at ostrowski.combat.server.Battle.executeRound(Battle.java:398)
	at ostrowski.combat.server.Battle.executeTurn(Battle.java:242)
	at ostrowski.combat.server.Battle.run(Battle.java:168)

